27-Sep-2021 03:18:41.909 INFO [main] org.apache.catalina.core.StandardServer.await A valid shutdown command was received via the shutdown port. Stopping the Server instance.
27-Sep-2021 03:18:41.909 INFO [main] org.apache.coyote.AbstractProtocol.pause Pausing ProtocolHandler ["http-nio-80"]
27-Sep-2021 03:18:41.911 INFO [main] org.apache.catalina.core.StandardService.stopInternal Stopping service [Catalina]
27-Sep-2021 03:18:41.960 INFO [main] org.apache.coyote.AbstractProtocol.stop Stopping ProtocolHandler ["http-nio-80"]
27-Sep-2021 03:18:41.970 INFO [main] org.apache.coyote.AbstractProtocol.destroy Destroying ProtocolHandler ["http-nio-80"]
27-Sep-2021 03:18:42.480 WARNING [main] org.apache.tomcat.util.digester.SetPropertiesRule.begin Match [Server/Service/Engine/Host/Context] failed to set property [debug] to [0]
27-Sep-2021 03:18:42.501 WARNING [main] org.apache.tomcat.util.digester.SetPropertiesRule.begin Match [Server/Service/Engine/Host/Context] failed to set property [debug] to [0]
27-Sep-2021 03:18:42.502 WARNING [main] org.apache.tomcat.util.digester.SetPropertiesRule.begin Match [Server/Service/Engine/Host/Context] failed to set property [debug] to [0]
27-Sep-2021 03:18:42.506 INFO [main] org.apache.catalina.startup.VersionLoggerListener.log Server version name:   Apache Tomcat/10.0.8
27-Sep-2021 03:18:42.507 INFO [main] org.apache.catalina.startup.VersionLoggerListener.log Server built:          Jun 25 2021 23:05:41 UTC
27-Sep-2021 03:18:42.507 INFO [main] org.apache.catalina.startup.VersionLoggerListener.log Server version number: 10.0.8.0
27-Sep-2021 03:18:42.507 INFO [main] org.apache.catalina.startup.VersionLoggerListener.log OS Name:               Linux
27-Sep-2021 03:18:42.507 INFO [main] org.apache.catalina.startup.VersionLoggerListener.log OS Version:            5.4.0-77-generic
27-Sep-2021 03:18:42.507 INFO [main] org.apache.catalina.startup.VersionLoggerListener.log Architecture:          amd64
27-Sep-2021 03:18:42.507 INFO [main] org.apache.catalina.startup.VersionLoggerListener.log Java Home:             /usr/lib/jvm/java-16-openjdk-amd64
27-Sep-2021 03:18:42.507 INFO [main] org.apache.catalina.startup.VersionLoggerListener.log JVM Version:           16.0.1+9-Ubuntu-120.04
27-Sep-2021 03:18:42.507 INFO [main] org.apache.catalina.startup.VersionLoggerListener.log JVM Vendor:            Private Build
27-Sep-2021 03:18:42.507 INFO [main] org.apache.catalina.startup.VersionLoggerListener.log CATALINA_BASE:         /usr/bin/tomcat
27-Sep-2021 03:18:42.507 INFO [main] org.apache.catalina.startup.VersionLoggerListener.log CATALINA_HOME:         /usr/bin/tomcat
27-Sep-2021 03:18:42.508 INFO [main] org.apache.catalina.startup.VersionLoggerListener.log Command line argument: --add-opens=java.base/java.lang=ALL-UNNAMED
27-Sep-2021 03:18:42.509 INFO [main] org.apache.catalina.startup.VersionLoggerListener.log Command line argument: --add-opens=java.base/java.io=ALL-UNNAMED
27-Sep-2021 03:18:42.509 INFO [main] org.apache.catalina.startup.VersionLoggerListener.log Command line argument: --add-opens=java.base/java.util=ALL-UNNAMED
27-Sep-2021 03:18:42.510 INFO [main] org.apache.catalina.startup.VersionLoggerListener.log Command line argument: --add-opens=java.base/java.util.concurrent=ALL-UNNAMED
27-Sep-2021 03:18:42.510 INFO [main] org.apache.catalina.startup.VersionLoggerListener.log Command line argument: --add-opens=java.rmi/sun.rmi.transport=ALL-UNNAMED
27-Sep-2021 03:18:42.510 INFO [main] org.apache.catalina.startup.VersionLoggerListener.log Command line argument: -Djava.util.logging.config.file=/usr/bin/tomcat/conf/logging.properties
27-Sep-2021 03:18:42.510 INFO [main] org.apache.catalina.startup.VersionLoggerListener.log Command line argument: -Djava.util.logging.manager=org.apache.juli.ClassLoaderLogManager
27-Sep-2021 03:18:42.510 INFO [main] org.apache.catalina.startup.VersionLoggerListener.log Command line argument: -Djdk.tls.ephemeralDHKeySize=2048
27-Sep-2021 03:18:42.510 INFO [main] org.apache.catalina.startup.VersionLoggerListener.log Command line argument: -Djava.protocol.handler.pkgs=org.apache.catalina.webresources
27-Sep-2021 03:18:42.511 INFO [main] org.apache.catalina.startup.VersionLoggerListener.log Command line argument: -Dorg.apache.catalina.security.SecurityListener.UMASK=0027
27-Sep-2021 03:18:42.511 INFO [main] org.apache.catalina.startup.VersionLoggerListener.log Command line argument: -Dignore.endorsed.dirs=
27-Sep-2021 03:18:42.511 INFO [main] org.apache.catalina.startup.VersionLoggerListener.log Command line argument: -Dcatalina.base=/usr/bin/tomcat
27-Sep-2021 03:18:42.511 INFO [main] org.apache.catalina.startup.VersionLoggerListener.log Command line argument: -Dcatalina.home=/usr/bin/tomcat
27-Sep-2021 03:18:42.511 INFO [main] org.apache.catalina.startup.VersionLoggerListener.log Command line argument: -Djava.io.tmpdir=/usr/bin/tomcat/temp
27-Sep-2021 03:18:42.512 INFO [main] org.apache.catalina.core.AprLifecycleListener.lifecycleEvent The Apache Tomcat Native library which allows using OpenSSL was not found on the java.library.path: [/usr/java/packages/lib:/usr/lib/x86_64-linux-gnu/jni:/lib/x86_64-linux-gnu:/usr/lib/x86_64-linux-gnu:/usr/lib/jni:/lib:/usr/lib]
27-Sep-2021 03:18:42.788 INFO [main] org.apache.coyote.AbstractProtocol.init Initializing ProtocolHandler ["http-nio-80"]
27-Sep-2021 03:18:42.811 INFO [main] org.apache.catalina.startup.Catalina.load Server initialization in [601] milliseconds
27-Sep-2021 03:18:42.845 INFO [main] org.apache.catalina.core.StandardService.startInternal Starting service [Catalina]
27-Sep-2021 03:18:42.845 INFO [main] org.apache.catalina.core.StandardEngine.startInternal Starting Servlet engine: [Apache Tomcat/10.0.8]
27-Sep-2021 03:18:43.103 INFO [main] org.apache.catalina.startup.HostConfig.deployDescriptor Deploying deployment descriptor [/usr/bin/tomcat/conf/Catalina/localhost/manager.xml]
27-Sep-2021 03:18:43.104 WARNING [main] org.apache.catalina.startup.HostConfig.deployDescriptor A docBase [/usr/bin/tomcat/webapps/manager] inside the host appBase has been specified, and will be ignored
27-Sep-2021 03:18:43.132 INFO [main] org.apache.catalina.startup.HostConfig.deployDescriptor Deployment of deployment descriptor [/usr/bin/tomcat/conf/Catalina/localhost/manager.xml] has finished in [29] ms
27-Sep-2021 03:18:43.133 INFO [main] org.apache.catalina.startup.HostConfig.deployDirectory Deploying web application directory [/usr/bin/tomcat/webapps/host-manager]
27-Sep-2021 03:18:43.150 INFO [main] org.apache.catalina.startup.HostConfig.deployDirectory Deployment of web application directory [/usr/bin/tomcat/webapps/host-manager] has finished in [17] ms
27-Sep-2021 03:18:43.150 INFO [main] org.apache.catalina.startup.HostConfig.deployDirectory Deploying web application directory [/usr/bin/tomcat/webapps/ROOTs]
27-Sep-2021 03:18:43.163 INFO [main] org.apache.catalina.startup.HostConfig.deployDirectory Deployment of web application directory [/usr/bin/tomcat/webapps/ROOTs] has finished in [12] ms
27-Sep-2021 03:18:43.163 INFO [main] org.apache.catalina.startup.HostConfig.deployDirectory Deploying web application directory [/usr/bin/tomcat/webapps/examples]
27-Sep-2021 03:18:43.341 INFO [main] org.apache.catalina.startup.HostConfig.deployDirectory Deployment of web application directory [/usr/bin/tomcat/webapps/examples] has finished in [178] ms
27-Sep-2021 03:18:43.341 INFO [main] org.apache.catalina.startup.HostConfig.deployDirectory Deploying web application directory [/usr/bin/tomcat/webapps/ROOT]
27-Sep-2021 03:18:43.367 INFO [main] org.apache.catalina.startup.HostConfig.deployDirectory Deployment of web application directory [/usr/bin/tomcat/webapps/ROOT] has finished in [25] ms
27-Sep-2021 03:18:43.367 INFO [main] org.apache.catalina.startup.HostConfig.deployDirectory Deploying web application directory [/usr/bin/tomcat/webapps/docs]
27-Sep-2021 03:18:43.387 INFO [main] org.apache.catalina.startup.HostConfig.deployDirectory Deployment of web application directory [/usr/bin/tomcat/webapps/docs] has finished in [19] ms
27-Sep-2021 03:18:43.389 INFO [main] org.apache.coyote.AbstractProtocol.start Starting ProtocolHandler ["http-nio-80"]
27-Sep-2021 03:18:43.402 INFO [main] org.apache.catalina.startup.Catalina.start Server startup in [591] milliseconds
27-Sep-2021 04:03:36.084 INFO [main] org.apache.catalina.core.StandardServer.await A valid shutdown command was received via the shutdown port. Stopping the Server instance.
27-Sep-2021 04:03:36.085 INFO [main] org.apache.coyote.AbstractProtocol.pause Pausing ProtocolHandler ["http-nio-80"]
27-Sep-2021 04:03:36.092 INFO [main] org.apache.catalina.core.StandardService.stopInternal Stopping service [Catalina]
27-Sep-2021 04:03:36.122 INFO [main] org.apache.coyote.AbstractProtocol.stop Stopping ProtocolHandler ["http-nio-80"]
27-Sep-2021 04:03:36.139 INFO [main] org.apache.coyote.AbstractProtocol.destroy Destroying ProtocolHandler ["http-nio-80"]
27-Sep-2021 04:03:36.555 WARNING [main] org.apache.tomcat.util.digester.SetPropertiesRule.begin Match [Server/Service/Engine/Host/Context] failed to set property [debug] to [0]
27-Sep-2021 04:03:36.576 WARNING [main] org.apache.tomcat.util.digester.SetPropertiesRule.begin Match [Server/Service/Engine/Host/Context] failed to set property [debug] to [0]
27-Sep-2021 04:03:36.578 WARNING [main] org.apache.tomcat.util.digester.SetPropertiesRule.begin Match [Server/Service/Engine/Host/Context] failed to set property [debug] to [0]
27-Sep-2021 04:03:36.579 INFO [main] org.apache.catalina.startup.VersionLoggerListener.log Server version name:   Apache Tomcat/10.0.8
27-Sep-2021 04:03:36.580 INFO [main] org.apache.catalina.startup.VersionLoggerListener.log Server built:          Jun 25 2021 23:05:41 UTC
27-Sep-2021 04:03:36.580 INFO [main] org.apache.catalina.startup.VersionLoggerListener.log Server version number: 10.0.8.0
27-Sep-2021 04:03:36.581 INFO [main] org.apache.catalina.startup.VersionLoggerListener.log OS Name:               Linux
27-Sep-2021 04:03:36.581 INFO [main] org.apache.catalina.startup.VersionLoggerListener.log OS Version:            5.4.0-77-generic
27-Sep-2021 04:03:36.581 INFO [main] org.apache.catalina.startup.VersionLoggerListener.log Architecture:          amd64
27-Sep-2021 04:03:36.581 INFO [main] org.apache.catalina.startup.VersionLoggerListener.log Java Home:             /usr/lib/jvm/java-16-openjdk-amd64
27-Sep-2021 04:03:36.582 INFO [main] org.apache.catalina.startup.VersionLoggerListener.log JVM Version:           16.0.1+9-Ubuntu-120.04
27-Sep-2021 04:03:36.582 INFO [main] org.apache.catalina.startup.VersionLoggerListener.log JVM Vendor:            Private Build
27-Sep-2021 04:03:36.582 INFO [main] org.apache.catalina.startup.VersionLoggerListener.log CATALINA_BASE:         /usr/bin/tomcat
27-Sep-2021 04:03:36.582 INFO [main] org.apache.catalina.startup.VersionLoggerListener.log CATALINA_HOME:         /usr/bin/tomcat
27-Sep-2021 04:03:36.582 INFO [main] org.apache.catalina.startup.VersionLoggerListener.log Command line argument: --add-opens=java.base/java.lang=ALL-UNNAMED
27-Sep-2021 04:03:36.583 INFO [main] org.apache.catalina.startup.VersionLoggerListener.log Command line argument: --add-opens=java.base/java.io=ALL-UNNAMED
27-Sep-2021 04:03:36.583 INFO [main] org.apache.catalina.startup.VersionLoggerListener.log Command line argument: --add-opens=java.base/java.util=ALL-UNNAMED
27-Sep-2021 04:03:36.583 INFO [main] org.apache.catalina.startup.VersionLoggerListener.log Command line argument: --add-opens=java.base/java.util.concurrent=ALL-UNNAMED
27-Sep-2021 04:03:36.583 INFO [main] org.apache.catalina.startup.VersionLoggerListener.log Command line argument: --add-opens=java.rmi/sun.rmi.transport=ALL-UNNAMED
27-Sep-2021 04:03:36.583 INFO [main] org.apache.catalina.startup.VersionLoggerListener.log Command line argument: -Djava.util.logging.config.file=/usr/bin/tomcat/conf/logging.properties
27-Sep-2021 04:03:36.584 INFO [main] org.apache.catalina.startup.VersionLoggerListener.log Command line argument: -Djava.util.logging.manager=org.apache.juli.ClassLoaderLogManager
27-Sep-2021 04:03:36.584 INFO [main] org.apache.catalina.startup.VersionLoggerListener.log Command line argument: -Djdk.tls.ephemeralDHKeySize=2048
27-Sep-2021 04:03:36.584 INFO [main] org.apache.catalina.startup.VersionLoggerListener.log Command line argument: -Djava.protocol.handler.pkgs=org.apache.catalina.webresources
27-Sep-2021 04:03:36.584 INFO [main] org.apache.catalina.startup.VersionLoggerListener.log Command line argument: -Dorg.apache.catalina.security.SecurityListener.UMASK=0027
27-Sep-2021 04:03:36.584 INFO [main] org.apache.catalina.startup.VersionLoggerListener.log Command line argument: -Dignore.endorsed.dirs=
27-Sep-2021 04:03:36.584 INFO [main] org.apache.catalina.startup.VersionLoggerListener.log Command line argument: -Dcatalina.base=/usr/bin/tomcat
27-Sep-2021 04:03:36.585 INFO [main] org.apache.catalina.startup.VersionLoggerListener.log Command line argument: -Dcatalina.home=/usr/bin/tomcat
27-Sep-2021 04:03:36.585 INFO [main] org.apache.catalina.startup.VersionLoggerListener.log Command line argument: -Djava.io.tmpdir=/usr/bin/tomcat/temp
27-Sep-2021 04:03:36.586 INFO [main] org.apache.catalina.core.AprLifecycleListener.lifecycleEvent The Apache Tomcat Native library which allows using OpenSSL was not found on the java.library.path: [/usr/java/packages/lib:/usr/lib/x86_64-linux-gnu/jni:/lib/x86_64-linux-gnu:/usr/lib/x86_64-linux-gnu:/usr/lib/jni:/lib:/usr/lib]
27-Sep-2021 04:03:36.871 INFO [main] org.apache.coyote.AbstractProtocol.init Initializing ProtocolHandler ["http-nio-80"]
27-Sep-2021 04:03:36.909 INFO [main] org.apache.catalina.startup.Catalina.load Server initialization in [562] milliseconds
27-Sep-2021 04:03:36.959 INFO [main] org.apache.catalina.core.StandardService.startInternal Starting service [Catalina]
27-Sep-2021 04:03:36.959 INFO [main] org.apache.catalina.core.StandardEngine.startInternal Starting Servlet engine: [Apache Tomcat/10.0.8]
27-Sep-2021 04:03:37.216 INFO [main] org.apache.catalina.startup.HostConfig.deployDescriptor Deploying deployment descriptor [/usr/bin/tomcat/conf/Catalina/localhost/manager.xml]
27-Sep-2021 04:03:37.217 WARNING [main] org.apache.catalina.startup.HostConfig.deployDescriptor A docBase [/usr/bin/tomcat/webapps/manager] inside the host appBase has been specified, and will be ignored
27-Sep-2021 04:03:37.253 INFO [main] org.apache.catalina.startup.HostConfig.deployDescriptor Deployment of deployment descriptor [/usr/bin/tomcat/conf/Catalina/localhost/manager.xml] has finished in [37] ms
27-Sep-2021 04:03:37.255 INFO [main] org.apache.catalina.startup.HostConfig.deployDirectory Deploying web application directory [/usr/bin/tomcat/webapps/host-manager]
27-Sep-2021 04:03:37.283 INFO [main] org.apache.catalina.startup.HostConfig.deployDirectory Deployment of web application directory [/usr/bin/tomcat/webapps/host-manager] has finished in [28] ms
27-Sep-2021 04:03:37.283 INFO [main] org.apache.catalina.startup.HostConfig.deployDirectory Deploying web application directory [/usr/bin/tomcat/webapps/ROOTs]
27-Sep-2021 04:03:37.312 INFO [main] org.apache.catalina.startup.HostConfig.deployDirectory Deployment of web application directory [/usr/bin/tomcat/webapps/ROOTs] has finished in [28] ms
27-Sep-2021 04:03:37.313 INFO [main] org.apache.catalina.startup.HostConfig.deployDirectory Deploying web application directory [/usr/bin/tomcat/webapps/examples]
27-Sep-2021 04:03:37.474 INFO [main] org.apache.catalina.startup.HostConfig.deployDirectory Deployment of web application directory [/usr/bin/tomcat/webapps/examples] has finished in [161] ms
27-Sep-2021 04:03:37.474 INFO [main] org.apache.catalina.startup.HostConfig.deployDirectory Deploying web application directory [/usr/bin/tomcat/webapps/ROOT]
27-Sep-2021 04:03:37.492 INFO [main] org.apache.catalina.startup.HostConfig.deployDirectory Deployment of web application directory [/usr/bin/tomcat/webapps/ROOT] has finished in [18] ms
27-Sep-2021 04:03:37.492 INFO [main] org.apache.catalina.startup.HostConfig.deployDirectory Deploying web application directory [/usr/bin/tomcat/webapps/docs]
27-Sep-2021 04:03:37.509 INFO [main] org.apache.catalina.startup.HostConfig.deployDirectory Deployment of web application directory [/usr/bin/tomcat/webapps/docs] has finished in [17] ms
27-Sep-2021 04:03:37.515 INFO [main] org.apache.coyote.AbstractProtocol.start Starting ProtocolHandler ["http-nio-80"]
27-Sep-2021 04:03:37.526 INFO [main] org.apache.catalina.startup.Catalina.start Server startup in [615] milliseconds
27-Sep-2021 04:04:26.738 INFO [main] org.apache.catalina.core.StandardServer.await A valid shutdown command was received via the shutdown port. Stopping the Server instance.
27-Sep-2021 04:04:26.738 INFO [main] org.apache.coyote.AbstractProtocol.pause Pausing ProtocolHandler ["http-nio-80"]
27-Sep-2021 04:04:26.741 INFO [main] org.apache.catalina.core.StandardService.stopInternal Stopping service [Catalina]
27-Sep-2021 04:04:26.785 INFO [main] org.apache.coyote.AbstractProtocol.stop Stopping ProtocolHandler ["http-nio-80"]
27-Sep-2021 04:04:26.793 INFO [main] org.apache.coyote.AbstractProtocol.destroy Destroying ProtocolHandler ["http-nio-80"]
27-Sep-2021 04:04:27.238 WARNING [main] org.apache.tomcat.util.digester.SetPropertiesRule.begin Match [Server/Service/Engine/Host/Context] failed to set property [debug] to [0]
27-Sep-2021 04:04:27.264 WARNING [main] org.apache.tomcat.util.digester.SetPropertiesRule.begin Match [Server/Service/Engine/Host/Context] failed to set property [debug] to [0]
27-Sep-2021 04:04:27.266 WARNING [main] org.apache.tomcat.util.digester.SetPropertiesRule.begin Match [Server/Service/Engine/Host/Context] failed to set property [debug] to [0]
27-Sep-2021 04:04:27.269 INFO [main] org.apache.catalina.startup.VersionLoggerListener.log Server version name:   Apache Tomcat/10.0.8
27-Sep-2021 04:04:27.269 INFO [main] org.apache.catalina.startup.VersionLoggerListener.log Server built:          Jun 25 2021 23:05:41 UTC
27-Sep-2021 04:04:27.269 INFO [main] org.apache.catalina.startup.VersionLoggerListener.log Server version number: 10.0.8.0
27-Sep-2021 04:04:27.270 INFO [main] org.apache.catalina.startup.VersionLoggerListener.log OS Name:               Linux
27-Sep-2021 04:04:27.270 INFO [main] org.apache.catalina.startup.VersionLoggerListener.log OS Version:            5.4.0-77-generic
27-Sep-2021 04:04:27.270 INFO [main] org.apache.catalina.startup.VersionLoggerListener.log Architecture:          amd64
27-Sep-2021 04:04:27.270 INFO [main] org.apache.catalina.startup.VersionLoggerListener.log Java Home:             /usr/lib/jvm/java-16-openjdk-amd64
27-Sep-2021 04:04:27.270 INFO [main] org.apache.catalina.startup.VersionLoggerListener.log JVM Version:           16.0.1+9-Ubuntu-120.04
27-Sep-2021 04:04:27.270 INFO [main] org.apache.catalina.startup.VersionLoggerListener.log JVM Vendor:            Private Build
27-Sep-2021 04:04:27.270 INFO [main] org.apache.catalina.startup.VersionLoggerListener.log CATALINA_BASE:         /usr/bin/tomcat
27-Sep-2021 04:04:27.271 INFO [main] org.apache.catalina.startup.VersionLoggerListener.log CATALINA_HOME:         /usr/bin/tomcat
27-Sep-2021 04:04:27.271 INFO [main] org.apache.catalina.startup.VersionLoggerListener.log Command line argument: --add-opens=java.base/java.lang=ALL-UNNAMED
27-Sep-2021 04:04:27.272 INFO [main] org.apache.catalina.startup.VersionLoggerListener.log Command line argument: --add-opens=java.base/java.io=ALL-UNNAMED
27-Sep-2021 04:04:27.272 INFO [main] org.apache.catalina.startup.VersionLoggerListener.log Command line argument: --add-opens=java.base/java.util=ALL-UNNAMED
27-Sep-2021 04:04:27.272 INFO [main] org.apache.catalina.startup.VersionLoggerListener.log Command line argument: --add-opens=java.base/java.util.concurrent=ALL-UNNAMED
27-Sep-2021 04:04:27.273 INFO [main] org.apache.catalina.startup.VersionLoggerListener.log Command line argument: --add-opens=java.rmi/sun.rmi.transport=ALL-UNNAMED
27-Sep-2021 04:04:27.273 INFO [main] org.apache.catalina.startup.VersionLoggerListener.log Command line argument: -Djava.util.logging.config.file=/usr/bin/tomcat/conf/logging.properties
27-Sep-2021 04:04:27.273 INFO [main] org.apache.catalina.startup.VersionLoggerListener.log Command line argument: -Djava.util.logging.manager=org.apache.juli.ClassLoaderLogManager
27-Sep-2021 04:04:27.273 INFO [main] org.apache.catalina.startup.VersionLoggerListener.log Command line argument: -Djdk.tls.ephemeralDHKeySize=2048
27-Sep-2021 04:04:27.273 INFO [main] org.apache.catalina.startup.VersionLoggerListener.log Command line argument: -Djava.protocol.handler.pkgs=org.apache.catalina.webresources
27-Sep-2021 04:04:27.273 INFO [main] org.apache.catalina.startup.VersionLoggerListener.log Command line argument: -Dorg.apache.catalina.security.SecurityListener.UMASK=0027
27-Sep-2021 04:04:27.274 INFO [main] org.apache.catalina.startup.VersionLoggerListener.log Command line argument: -Dignore.endorsed.dirs=
27-Sep-2021 04:04:27.274 INFO [main] org.apache.catalina.startup.VersionLoggerListener.log Command line argument: -Dcatalina.base=/usr/bin/tomcat
27-Sep-2021 04:04:27.274 INFO [main] org.apache.catalina.startup.VersionLoggerListener.log Command line argument: -Dcatalina.home=/usr/bin/tomcat
27-Sep-2021 04:04:27.274 INFO [main] org.apache.catalina.startup.VersionLoggerListener.log Command line argument: -Djava.io.tmpdir=/usr/bin/tomcat/temp
27-Sep-2021 04:04:27.276 INFO [main] org.apache.catalina.core.AprLifecycleListener.lifecycleEvent The Apache Tomcat Native library which allows using OpenSSL was not found on the java.library.path: [/usr/java/packages/lib:/usr/lib/x86_64-linux-gnu/jni:/lib/x86_64-linux-gnu:/usr/lib/x86_64-linux-gnu:/usr/lib/jni:/lib:/usr/lib]
27-Sep-2021 04:04:27.585 INFO [main] org.apache.coyote.AbstractProtocol.init Initializing ProtocolHandler ["http-nio-80"]
27-Sep-2021 04:04:27.628 INFO [main] org.apache.catalina.startup.Catalina.load Server initialization in [642] milliseconds
27-Sep-2021 04:04:27.686 INFO [main] org.apache.catalina.core.StandardService.startInternal Starting service [Catalina]
27-Sep-2021 04:04:27.686 INFO [main] org.apache.catalina.core.StandardEngine.startInternal Starting Servlet engine: [Apache Tomcat/10.0.8]
27-Sep-2021 04:04:27.999 INFO [main] org.apache.catalina.startup.HostConfig.deployDescriptor Deploying deployment descriptor [/usr/bin/tomcat/conf/Catalina/localhost/manager.xml]
27-Sep-2021 04:04:28.000 WARNING [main] org.apache.catalina.startup.HostConfig.deployDescriptor A docBase [/usr/bin/tomcat/webapps/manager] inside the host appBase has been specified, and will be ignored
27-Sep-2021 04:04:28.026 INFO [main] org.apache.catalina.startup.HostConfig.deployDescriptor Deployment of deployment descriptor [/usr/bin/tomcat/conf/Catalina/localhost/manager.xml] has finished in [26] ms
27-Sep-2021 04:04:28.026 INFO [main] org.apache.catalina.startup.HostConfig.deployDirectory Deploying web application directory [/usr/bin/tomcat/webapps/host-manager]
27-Sep-2021 04:04:28.045 INFO [main] org.apache.catalina.startup.HostConfig.deployDirectory Deployment of web application directory [/usr/bin/tomcat/webapps/host-manager] has finished in [18] ms
27-Sep-2021 04:04:28.045 INFO [main] org.apache.catalina.startup.HostConfig.deployDirectory Deploying web application directory [/usr/bin/tomcat/webapps/ROOTs]
27-Sep-2021 04:04:28.057 INFO [main] org.apache.catalina.startup.HostConfig.deployDirectory Deployment of web application directory [/usr/bin/tomcat/webapps/ROOTs] has finished in [12] ms
27-Sep-2021 04:04:28.058 INFO [main] org.apache.catalina.startup.HostConfig.deployDirectory Deploying web application directory [/usr/bin/tomcat/webapps/examples]
27-Sep-2021 04:04:28.268 INFO [main] org.apache.catalina.startup.HostConfig.deployDirectory Deployment of web application directory [/usr/bin/tomcat/webapps/examples] has finished in [209] ms
27-Sep-2021 04:04:28.268 INFO [main] org.apache.catalina.startup.HostConfig.deployDirectory Deploying web application directory [/usr/bin/tomcat/webapps/ROOT]
27-Sep-2021 04:04:28.279 INFO [main] org.apache.catalina.startup.HostConfig.deployDirectory Deployment of web application directory [/usr/bin/tomcat/webapps/ROOT] has finished in [11] ms
27-Sep-2021 04:04:28.279 INFO [main] org.apache.catalina.startup.HostConfig.deployDirectory Deploying web application directory [/usr/bin/tomcat/webapps/docs]
27-Sep-2021 04:04:28.292 INFO [main] org.apache.catalina.startup.HostConfig.deployDirectory Deployment of web application directory [/usr/bin/tomcat/webapps/docs] has finished in [12] ms
27-Sep-2021 04:04:28.295 INFO [main] org.apache.coyote.AbstractProtocol.start Starting ProtocolHandler ["http-nio-80"]
27-Sep-2021 04:04:28.309 INFO [main] org.apache.catalina.startup.Catalina.start Server startup in [681] milliseconds
27-Sep-2021 04:05:49.112 INFO [main] org.apache.catalina.core.StandardServer.await A valid shutdown command was received via the shutdown port. Stopping the Server instance.
27-Sep-2021 04:05:49.113 INFO [main] org.apache.coyote.AbstractProtocol.pause Pausing ProtocolHandler ["http-nio-80"]
27-Sep-2021 04:05:49.115 INFO [main] org.apache.catalina.core.StandardService.stopInternal Stopping service [Catalina]
27-Sep-2021 04:05:49.147 INFO [main] org.apache.coyote.AbstractProtocol.stop Stopping ProtocolHandler ["http-nio-80"]
27-Sep-2021 04:05:49.168 INFO [main] org.apache.coyote.AbstractProtocol.destroy Destroying ProtocolHandler ["http-nio-80"]
27-Sep-2021 04:05:49.573 WARNING [main] org.apache.tomcat.util.digester.SetPropertiesRule.begin Match [Server/Service/Engine/Host/Context] failed to set property [debug] to [0]
27-Sep-2021 04:05:49.585 WARNING [main] org.apache.tomcat.util.digester.SetPropertiesRule.begin Match [Server/Service/Engine/Host/Context] failed to set property [debug] to [0]
27-Sep-2021 04:05:49.586 WARNING [main] org.apache.tomcat.util.digester.SetPropertiesRule.begin Match [Server/Service/Engine/Host/Context] failed to set property [debug] to [0]
27-Sep-2021 04:05:49.588 INFO [main] org.apache.catalina.startup.VersionLoggerListener.log Server version name:   Apache Tomcat/10.0.8
27-Sep-2021 04:05:49.588 INFO [main] org.apache.catalina.startup.VersionLoggerListener.log Server built:          Jun 25 2021 23:05:41 UTC
27-Sep-2021 04:05:49.588 INFO [main] org.apache.catalina.startup.VersionLoggerListener.log Server version number: 10.0.8.0
27-Sep-2021 04:05:49.588 INFO [main] org.apache.catalina.startup.VersionLoggerListener.log OS Name:               Linux
27-Sep-2021 04:05:49.588 INFO [main] org.apache.catalina.startup.VersionLoggerListener.log OS Version:            5.4.0-77-generic
27-Sep-2021 04:05:49.588 INFO [main] org.apache.catalina.startup.VersionLoggerListener.log Architecture:          amd64
27-Sep-2021 04:05:49.588 INFO [main] org.apache.catalina.startup.VersionLoggerListener.log Java Home:             /usr/lib/jvm/java-16-openjdk-amd64
27-Sep-2021 04:05:49.588 INFO [main] org.apache.catalina.startup.VersionLoggerListener.log JVM Version:           16.0.1+9-Ubuntu-120.04
27-Sep-2021 04:05:49.588 INFO [main] org.apache.catalina.startup.VersionLoggerListener.log JVM Vendor:            Private Build
27-Sep-2021 04:05:49.588 INFO [main] org.apache.catalina.startup.VersionLoggerListener.log CATALINA_BASE:         /usr/bin/tomcat
27-Sep-2021 04:05:49.588 INFO [main] org.apache.catalina.startup.VersionLoggerListener.log CATALINA_HOME:         /usr/bin/tomcat
27-Sep-2021 04:05:49.602 INFO [main] org.apache.catalina.startup.VersionLoggerListener.log Command line argument: --add-opens=java.base/java.lang=ALL-UNNAMED
27-Sep-2021 04:05:49.602 INFO [main] org.apache.catalina.startup.VersionLoggerListener.log Command line argument: --add-opens=java.base/java.io=ALL-UNNAMED
27-Sep-2021 04:05:49.602 INFO [main] org.apache.catalina.startup.VersionLoggerListener.log Command line argument: --add-opens=java.base/java.util=ALL-UNNAMED
27-Sep-2021 04:05:49.602 INFO [main] org.apache.catalina.startup.VersionLoggerListener.log Command line argument: --add-opens=java.base/java.util.concurrent=ALL-UNNAMED
27-Sep-2021 04:05:49.602 INFO [main] org.apache.catalina.startup.VersionLoggerListener.log Command line argument: --add-opens=java.rmi/sun.rmi.transport=ALL-UNNAMED
27-Sep-2021 04:05:49.602 INFO [main] org.apache.catalina.startup.VersionLoggerListener.log Command line argument: -Djava.util.logging.config.file=/usr/bin/tomcat/conf/logging.properties
27-Sep-2021 04:05:49.603 INFO [main] org.apache.catalina.startup.VersionLoggerListener.log Command line argument: -Djava.util.logging.manager=org.apache.juli.ClassLoaderLogManager
27-Sep-2021 04:05:49.603 INFO [main] org.apache.catalina.startup.VersionLoggerListener.log Command line argument: -Djdk.tls.ephemeralDHKeySize=2048
27-Sep-2021 04:05:49.603 INFO [main] org.apache.catalina.startup.VersionLoggerListener.log Command line argument: -Djava.protocol.handler.pkgs=org.apache.catalina.webresources
27-Sep-2021 04:05:49.603 INFO [main] org.apache.catalina.startup.VersionLoggerListener.log Command line argument: -Dorg.apache.catalina.security.SecurityListener.UMASK=0027
27-Sep-2021 04:05:49.603 INFO [main] org.apache.catalina.startup.VersionLoggerListener.log Command line argument: -Dignore.endorsed.dirs=
27-Sep-2021 04:05:49.603 INFO [main] org.apache.catalina.startup.VersionLoggerListener.log Command line argument: -Dcatalina.base=/usr/bin/tomcat
27-Sep-2021 04:05:49.603 INFO [main] org.apache.catalina.startup.VersionLoggerListener.log Command line argument: -Dcatalina.home=/usr/bin/tomcat
27-Sep-2021 04:05:49.603 INFO [main] org.apache.catalina.startup.VersionLoggerListener.log Command line argument: -Djava.io.tmpdir=/usr/bin/tomcat/temp
27-Sep-2021 04:05:49.604 INFO [main] org.apache.catalina.core.AprLifecycleListener.lifecycleEvent The Apache Tomcat Native library which allows using OpenSSL was not found on the java.library.path: [/usr/java/packages/lib:/usr/lib/x86_64-linux-gnu/jni:/lib/x86_64-linux-gnu:/usr/lib/x86_64-linux-gnu:/usr/lib/jni:/lib:/usr/lib]
27-Sep-2021 04:05:49.947 INFO [main] org.apache.coyote.AbstractProtocol.init Initializing ProtocolHandler ["http-nio-80"]
27-Sep-2021 04:05:49.969 INFO [main] org.apache.catalina.startup.Catalina.load Server initialization in [583] milliseconds
27-Sep-2021 04:05:50.014 INFO [main] org.apache.catalina.core.StandardService.startInternal Starting service [Catalina]
27-Sep-2021 04:05:50.015 INFO [main] org.apache.catalina.core.StandardEngine.startInternal Starting Servlet engine: [Apache Tomcat/10.0.8]
27-Sep-2021 04:05:50.286 INFO [main] org.apache.catalina.startup.HostConfig.deployDescriptor Deploying deployment descriptor [/usr/bin/tomcat/conf/Catalina/localhost/manager.xml]
27-Sep-2021 04:05:50.288 WARNING [main] org.apache.catalina.startup.HostConfig.deployDescriptor A docBase [/usr/bin/tomcat/webapps/manager] inside the host appBase has been specified, and will be ignored
27-Sep-2021 04:05:50.313 INFO [main] org.apache.catalina.startup.HostConfig.deployDescriptor Deployment of deployment descriptor [/usr/bin/tomcat/conf/Catalina/localhost/manager.xml] has finished in [27] ms
27-Sep-2021 04:05:50.314 INFO [main] org.apache.catalina.startup.HostConfig.deployDirectory Deploying web application directory [/usr/bin/tomcat/webapps/host-manager]
27-Sep-2021 04:05:50.333 INFO [main] org.apache.catalina.startup.HostConfig.deployDirectory Deployment of web application directory [/usr/bin/tomcat/webapps/host-manager] has finished in [19] ms
27-Sep-2021 04:05:50.334 INFO [main] org.apache.catalina.startup.HostConfig.deployDirectory Deploying web application directory [/usr/bin/tomcat/webapps/ROOTs]
27-Sep-2021 04:05:50.348 INFO [main] org.apache.catalina.startup.HostConfig.deployDirectory Deployment of web application directory [/usr/bin/tomcat/webapps/ROOTs] has finished in [14] ms
27-Sep-2021 04:05:50.349 INFO [main] org.apache.catalina.startup.HostConfig.deployDirectory Deploying web application directory [/usr/bin/tomcat/webapps/examples]
27-Sep-2021 04:05:50.578 INFO [main] org.apache.catalina.startup.HostConfig.deployDirectory Deployment of web application directory [/usr/bin/tomcat/webapps/examples] has finished in [229] ms
27-Sep-2021 04:05:50.579 INFO [main] org.apache.catalina.startup.HostConfig.deployDirectory Deploying web application directory [/usr/bin/tomcat/webapps/ROOT]
27-Sep-2021 04:05:50.597 INFO [main] org.apache.catalina.startup.HostConfig.deployDirectory Deployment of web application directory [/usr/bin/tomcat/webapps/ROOT] has finished in [18] ms
27-Sep-2021 04:05:50.597 INFO [main] org.apache.catalina.startup.HostConfig.deployDirectory Deploying web application directory [/usr/bin/tomcat/webapps/docs]
27-Sep-2021 04:05:50.615 INFO [main] org.apache.catalina.startup.HostConfig.deployDirectory Deployment of web application directory [/usr/bin/tomcat/webapps/docs] has finished in [18] ms
27-Sep-2021 04:05:50.620 INFO [main] org.apache.coyote.AbstractProtocol.start Starting ProtocolHandler ["http-nio-80"]
27-Sep-2021 04:05:50.635 INFO [main] org.apache.catalina.startup.Catalina.start Server startup in [664] milliseconds
27-Sep-2021 04:06:04.236 INFO [main] org.apache.catalina.core.StandardServer.await A valid shutdown command was received via the shutdown port. Stopping the Server instance.
27-Sep-2021 04:06:04.236 INFO [main] org.apache.coyote.AbstractProtocol.pause Pausing ProtocolHandler ["http-nio-80"]
27-Sep-2021 04:06:04.239 INFO [main] org.apache.catalina.core.StandardService.stopInternal Stopping service [Catalina]
27-Sep-2021 04:06:04.283 INFO [main] org.apache.coyote.AbstractProtocol.stop Stopping ProtocolHandler ["http-nio-80"]
27-Sep-2021 04:06:04.292 INFO [main] org.apache.coyote.AbstractProtocol.destroy Destroying ProtocolHandler ["http-nio-80"]
27-Sep-2021 04:06:04.724 WARNING [main] org.apache.tomcat.util.digester.SetPropertiesRule.begin Match [Server/Service/Engine/Host/Context] failed to set property [debug] to [0]
27-Sep-2021 04:06:04.732 WARNING [main] org.apache.tomcat.util.digester.SetPropertiesRule.begin Match [Server/Service/Engine/Host/Context] failed to set property [debug] to [0]
27-Sep-2021 04:06:04.733 WARNING [main] org.apache.tomcat.util.digester.SetPropertiesRule.begin Match [Server/Service/Engine/Host/Context] failed to set property [debug] to [0]
27-Sep-2021 04:06:04.735 INFO [main] org.apache.catalina.startup.VersionLoggerListener.log Server version name:   Apache Tomcat/10.0.8
27-Sep-2021 04:06:04.735 INFO [main] org.apache.catalina.startup.VersionLoggerListener.log Server built:          Jun 25 2021 23:05:41 UTC
27-Sep-2021 04:06:04.735 INFO [main] org.apache.catalina.startup.VersionLoggerListener.log Server version number: 10.0.8.0
27-Sep-2021 04:06:04.735 INFO [main] org.apache.catalina.startup.VersionLoggerListener.log OS Name:               Linux
27-Sep-2021 04:06:04.735 INFO [main] org.apache.catalina.startup.VersionLoggerListener.log OS Version:            5.4.0-77-generic
27-Sep-2021 04:06:04.735 INFO [main] org.apache.catalina.startup.VersionLoggerListener.log Architecture:          amd64
27-Sep-2021 04:06:04.735 INFO [main] org.apache.catalina.startup.VersionLoggerListener.log Java Home:             /usr/lib/jvm/java-16-openjdk-amd64
27-Sep-2021 04:06:04.735 INFO [main] org.apache.catalina.startup.VersionLoggerListener.log JVM Version:           16.0.1+9-Ubuntu-120.04
27-Sep-2021 04:06:04.735 INFO [main] org.apache.catalina.startup.VersionLoggerListener.log JVM Vendor:            Private Build
27-Sep-2021 04:06:04.736 INFO [main] org.apache.catalina.startup.VersionLoggerListener.log CATALINA_BASE:         /usr/bin/tomcat
27-Sep-2021 04:06:04.736 INFO [main] org.apache.catalina.startup.VersionLoggerListener.log CATALINA_HOME:         /usr/bin/tomcat
27-Sep-2021 04:06:04.740 INFO [main] org.apache.catalina.startup.VersionLoggerListener.log Command line argument: --add-opens=java.base/java.lang=ALL-UNNAMED
27-Sep-2021 04:06:04.740 INFO [main] org.apache.catalina.startup.VersionLoggerListener.log Command line argument: --add-opens=java.base/java.io=ALL-UNNAMED
27-Sep-2021 04:06:04.740 INFO [main] org.apache.catalina.startup.VersionLoggerListener.log Command line argument: --add-opens=java.base/java.util=ALL-UNNAMED
27-Sep-2021 04:06:04.740 INFO [main] org.apache.catalina.startup.VersionLoggerListener.log Command line argument: --add-opens=java.base/java.util.concurrent=ALL-UNNAMED
27-Sep-2021 04:06:04.740 INFO [main] org.apache.catalina.startup.VersionLoggerListener.log Command line argument: --add-opens=java.rmi/sun.rmi.transport=ALL-UNNAMED
27-Sep-2021 04:06:04.741 INFO [main] org.apache.catalina.startup.VersionLoggerListener.log Command line argument: -Djava.util.logging.config.file=/usr/bin/tomcat/conf/logging.properties
27-Sep-2021 04:06:04.741 INFO [main] org.apache.catalina.startup.VersionLoggerListener.log Command line argument: -Djava.util.logging.manager=org.apache.juli.ClassLoaderLogManager
27-Sep-2021 04:06:04.741 INFO [main] org.apache.catalina.startup.VersionLoggerListener.log Command line argument: -Djdk.tls.ephemeralDHKeySize=2048
27-Sep-2021 04:06:04.741 INFO [main] org.apache.catalina.startup.VersionLoggerListener.log Command line argument: -Djava.protocol.handler.pkgs=org.apache.catalina.webresources
27-Sep-2021 04:06:04.741 INFO [main] org.apache.catalina.startup.VersionLoggerListener.log Command line argument: -Dorg.apache.catalina.security.SecurityListener.UMASK=0027
27-Sep-2021 04:06:04.741 INFO [main] org.apache.catalina.startup.VersionLoggerListener.log Command line argument: -Dignore.endorsed.dirs=
27-Sep-2021 04:06:04.741 INFO [main] org.apache.catalina.startup.VersionLoggerListener.log Command line argument: -Dcatalina.base=/usr/bin/tomcat
27-Sep-2021 04:06:04.741 INFO [main] org.apache.catalina.startup.VersionLoggerListener.log Command line argument: -Dcatalina.home=/usr/bin/tomcat
27-Sep-2021 04:06:04.741 INFO [main] org.apache.catalina.startup.VersionLoggerListener.log Command line argument: -Djava.io.tmpdir=/usr/bin/tomcat/temp
27-Sep-2021 04:06:04.742 INFO [main] org.apache.catalina.core.AprLifecycleListener.lifecycleEvent The Apache Tomcat Native library which allows using OpenSSL was not found on the java.library.path: [/usr/java/packages/lib:/usr/lib/x86_64-linux-gnu/jni:/lib/x86_64-linux-gnu:/usr/lib/x86_64-linux-gnu:/usr/lib/jni:/lib:/usr/lib]
27-Sep-2021 04:06:05.032 INFO [main] org.apache.coyote.AbstractProtocol.init Initializing ProtocolHandler ["http-nio-80"]
27-Sep-2021 04:06:05.073 INFO [main] org.apache.catalina.startup.Catalina.load Server initialization in [570] milliseconds
27-Sep-2021 04:06:05.144 INFO [main] org.apache.catalina.core.StandardService.startInternal Starting service [Catalina]
27-Sep-2021 04:06:05.145 INFO [main] org.apache.catalina.core.StandardEngine.startInternal Starting Servlet engine: [Apache Tomcat/10.0.8]
27-Sep-2021 04:06:05.388 INFO [main] org.apache.catalina.startup.HostConfig.deployDescriptor Deploying deployment descriptor [/usr/bin/tomcat/conf/Catalina/localhost/manager.xml]
27-Sep-2021 04:06:05.390 WARNING [main] org.apache.catalina.startup.HostConfig.deployDescriptor A docBase [/usr/bin/tomcat/webapps/manager] inside the host appBase has been specified, and will be ignored
27-Sep-2021 04:06:05.428 INFO [main] org.apache.catalina.startup.HostConfig.deployDescriptor Deployment of deployment descriptor [/usr/bin/tomcat/conf/Catalina/localhost/manager.xml] has finished in [39] ms
27-Sep-2021 04:06:05.430 INFO [main] org.apache.catalina.startup.HostConfig.deployDirectory Deploying web application directory [/usr/bin/tomcat/webapps/host-manager]
27-Sep-2021 04:06:05.461 INFO [main] org.apache.catalina.startup.HostConfig.deployDirectory Deployment of web application directory [/usr/bin/tomcat/webapps/host-manager] has finished in [31] ms
27-Sep-2021 04:06:05.461 INFO [main] org.apache.catalina.startup.HostConfig.deployDirectory Deploying web application directory [/usr/bin/tomcat/webapps/ROOTs]
27-Sep-2021 04:06:05.487 INFO [main] org.apache.catalina.startup.HostConfig.deployDirectory Deployment of web application directory [/usr/bin/tomcat/webapps/ROOTs] has finished in [25] ms
27-Sep-2021 04:06:05.488 INFO [main] org.apache.catalina.startup.HostConfig.deployDirectory Deploying web application directory [/usr/bin/tomcat/webapps/examples]
27-Sep-2021 04:06:05.659 INFO [main] org.apache.catalina.startup.HostConfig.deployDirectory Deployment of web application directory [/usr/bin/tomcat/webapps/examples] has finished in [171] ms
27-Sep-2021 04:06:05.659 INFO [main] org.apache.catalina.startup.HostConfig.deployDirectory Deploying web application directory [/usr/bin/tomcat/webapps/ROOT]
27-Sep-2021 04:06:05.674 INFO [main] org.apache.catalina.startup.HostConfig.deployDirectory Deployment of web application directory [/usr/bin/tomcat/webapps/ROOT] has finished in [14] ms
27-Sep-2021 04:06:05.674 INFO [main] org.apache.catalina.startup.HostConfig.deployDirectory Deploying web application directory [/usr/bin/tomcat/webapps/docs]
27-Sep-2021 04:06:05.685 INFO [main] org.apache.catalina.startup.HostConfig.deployDirectory Deployment of web application directory [/usr/bin/tomcat/webapps/docs] has finished in [11] ms
27-Sep-2021 04:06:05.688 INFO [main] org.apache.coyote.AbstractProtocol.start Starting ProtocolHandler ["http-nio-80"]
27-Sep-2021 04:06:05.706 INFO [main] org.apache.catalina.startup.Catalina.start Server startup in [631] milliseconds
27-Sep-2021 04:06:21.215 INFO [main] org.apache.catalina.core.StandardServer.await A valid shutdown command was received via the shutdown port. Stopping the Server instance.
27-Sep-2021 04:06:21.216 INFO [main] org.apache.coyote.AbstractProtocol.pause Pausing ProtocolHandler ["http-nio-80"]
27-Sep-2021 04:06:21.222 INFO [main] org.apache.catalina.core.StandardService.stopInternal Stopping service [Catalina]
27-Sep-2021 04:06:21.253 INFO [main] org.apache.coyote.AbstractProtocol.stop Stopping ProtocolHandler ["http-nio-80"]
27-Sep-2021 04:06:21.270 INFO [main] org.apache.coyote.AbstractProtocol.destroy Destroying ProtocolHandler ["http-nio-80"]
27-Sep-2021 04:06:21.664 WARNING [main] org.apache.tomcat.util.digester.SetPropertiesRule.begin Match [Server/Service/Engine/Host/Context] failed to set property [debug] to [0]
27-Sep-2021 04:06:21.675 WARNING [main] org.apache.tomcat.util.digester.SetPropertiesRule.begin Match [Server/Service/Engine/Host/Context] failed to set property [debug] to [0]
27-Sep-2021 04:06:21.676 WARNING [main] org.apache.tomcat.util.digester.SetPropertiesRule.begin Match [Server/Service/Engine/Host/Context] failed to set property [debug] to [0]
27-Sep-2021 04:06:21.678 INFO [main] org.apache.catalina.startup.VersionLoggerListener.log Server version name:   Apache Tomcat/10.0.8
27-Sep-2021 04:06:21.678 INFO [main] org.apache.catalina.startup.VersionLoggerListener.log Server built:          Jun 25 2021 23:05:41 UTC
27-Sep-2021 04:06:21.678 INFO [main] org.apache.catalina.startup.VersionLoggerListener.log Server version number: 10.0.8.0
27-Sep-2021 04:06:21.678 INFO [main] org.apache.catalina.startup.VersionLoggerListener.log OS Name:               Linux
27-Sep-2021 04:06:21.678 INFO [main] org.apache.catalina.startup.VersionLoggerListener.log OS Version:            5.4.0-77-generic
27-Sep-2021 04:06:21.678 INFO [main] org.apache.catalina.startup.VersionLoggerListener.log Architecture:          amd64
27-Sep-2021 04:06:21.678 INFO [main] org.apache.catalina.startup.VersionLoggerListener.log Java Home:             /usr/lib/jvm/java-16-openjdk-amd64
27-Sep-2021 04:06:21.678 INFO [main] org.apache.catalina.startup.VersionLoggerListener.log JVM Version:           16.0.1+9-Ubuntu-120.04
27-Sep-2021 04:06:21.678 INFO [main] org.apache.catalina.startup.VersionLoggerListener.log JVM Vendor:            Private Build
27-Sep-2021 04:06:21.678 INFO [main] org.apache.catalina.startup.VersionLoggerListener.log CATALINA_BASE:         /usr/bin/tomcat
27-Sep-2021 04:06:21.679 INFO [main] org.apache.catalina.startup.VersionLoggerListener.log CATALINA_HOME:         /usr/bin/tomcat
27-Sep-2021 04:06:21.679 INFO [main] org.apache.catalina.startup.VersionLoggerListener.log Command line argument: --add-opens=java.base/java.lang=ALL-UNNAMED
27-Sep-2021 04:06:21.679 INFO [main] org.apache.catalina.startup.VersionLoggerListener.log Command line argument: --add-opens=java.base/java.io=ALL-UNNAMED
27-Sep-2021 04:06:21.680 INFO [main] org.apache.catalina.startup.VersionLoggerListener.log Command line argument: --add-opens=java.base/java.util=ALL-UNNAMED
27-Sep-2021 04:06:21.680 INFO [main] org.apache.catalina.startup.VersionLoggerListener.log Command line argument: --add-opens=java.base/java.util.concurrent=ALL-UNNAMED
27-Sep-2021 04:06:21.680 INFO [main] org.apache.catalina.startup.VersionLoggerListener.log Command line argument: --add-opens=java.rmi/sun.rmi.transport=ALL-UNNAMED
27-Sep-2021 04:06:21.680 INFO [main] org.apache.catalina.startup.VersionLoggerListener.log Command line argument: -Djava.util.logging.config.file=/usr/bin/tomcat/conf/logging.properties
27-Sep-2021 04:06:21.680 INFO [main] org.apache.catalina.startup.VersionLoggerListener.log Command line argument: -Djava.util.logging.manager=org.apache.juli.ClassLoaderLogManager
27-Sep-2021 04:06:21.680 INFO [main] org.apache.catalina.startup.VersionLoggerListener.log Command line argument: -Djdk.tls.ephemeralDHKeySize=2048
27-Sep-2021 04:06:21.680 INFO [main] org.apache.catalina.startup.VersionLoggerListener.log Command line argument: -Djava.protocol.handler.pkgs=org.apache.catalina.webresources
27-Sep-2021 04:06:21.680 INFO [main] org.apache.catalina.startup.VersionLoggerListener.log Command line argument: -Dorg.apache.catalina.security.SecurityListener.UMASK=0027
27-Sep-2021 04:06:21.680 INFO [main] org.apache.catalina.startup.VersionLoggerListener.log Command line argument: -Dignore.endorsed.dirs=
27-Sep-2021 04:06:21.680 INFO [main] org.apache.catalina.startup.VersionLoggerListener.log Command line argument: -Dcatalina.base=/usr/bin/tomcat
27-Sep-2021 04:06:21.680 INFO [main] org.apache.catalina.startup.VersionLoggerListener.log Command line argument: -Dcatalina.home=/usr/bin/tomcat
27-Sep-2021 04:06:21.680 INFO [main] org.apache.catalina.startup.VersionLoggerListener.log Command line argument: -Djava.io.tmpdir=/usr/bin/tomcat/temp
27-Sep-2021 04:06:21.681 INFO [main] org.apache.catalina.core.AprLifecycleListener.lifecycleEvent The Apache Tomcat Native library which allows using OpenSSL was not found on the java.library.path: [/usr/java/packages/lib:/usr/lib/x86_64-linux-gnu/jni:/lib/x86_64-linux-gnu:/usr/lib/x86_64-linux-gnu:/usr/lib/jni:/lib:/usr/lib]
27-Sep-2021 04:06:21.999 INFO [main] org.apache.coyote.AbstractProtocol.init Initializing ProtocolHandler ["http-nio-80"]
27-Sep-2021 04:06:22.023 INFO [main] org.apache.catalina.startup.Catalina.load Server initialization in [545] milliseconds
27-Sep-2021 04:06:22.068 INFO [main] org.apache.catalina.core.StandardService.startInternal Starting service [Catalina]
27-Sep-2021 04:06:22.068 INFO [main] org.apache.catalina.core.StandardEngine.startInternal Starting Servlet engine: [Apache Tomcat/10.0.8]
27-Sep-2021 04:06:22.335 INFO [main] org.apache.catalina.startup.HostConfig.deployDescriptor Deploying deployment descriptor [/usr/bin/tomcat/conf/Catalina/localhost/manager.xml]
27-Sep-2021 04:06:22.337 WARNING [main] org.apache.catalina.startup.HostConfig.deployDescriptor A docBase [/usr/bin/tomcat/webapps/manager] inside the host appBase has been specified, and will be ignored
27-Sep-2021 04:06:22.382 INFO [main] org.apache.catalina.startup.HostConfig.deployDescriptor Deployment of deployment descriptor [/usr/bin/tomcat/conf/Catalina/localhost/manager.xml] has finished in [46] ms
27-Sep-2021 04:06:22.382 INFO [main] org.apache.catalina.startup.HostConfig.deployDirectory Deploying web application directory [/usr/bin/tomcat/webapps/host-manager]
27-Sep-2021 04:06:22.415 INFO [main] org.apache.catalina.startup.HostConfig.deployDirectory Deployment of web application directory [/usr/bin/tomcat/webapps/host-manager] has finished in [33] ms
27-Sep-2021 04:06:22.415 INFO [main] org.apache.catalina.startup.HostConfig.deployDirectory Deploying web application directory [/usr/bin/tomcat/webapps/ROOTs]
27-Sep-2021 04:06:22.442 INFO [main] org.apache.catalina.startup.HostConfig.deployDirectory Deployment of web application directory [/usr/bin/tomcat/webapps/ROOTs] has finished in [27] ms
27-Sep-2021 04:06:22.442 INFO [main] org.apache.catalina.startup.HostConfig.deployDirectory Deploying web application directory [/usr/bin/tomcat/webapps/examples]
27-Sep-2021 04:06:22.686 INFO [main] org.apache.catalina.startup.HostConfig.deployDirectory Deployment of web application directory [/usr/bin/tomcat/webapps/examples] has finished in [244] ms
27-Sep-2021 04:06:22.686 INFO [main] org.apache.catalina.startup.HostConfig.deployDirectory Deploying web application directory [/usr/bin/tomcat/webapps/ROOT]
27-Sep-2021 04:06:22.697 INFO [main] org.apache.catalina.startup.HostConfig.deployDirectory Deployment of web application directory [/usr/bin/tomcat/webapps/ROOT] has finished in [11] ms
27-Sep-2021 04:06:22.697 INFO [main] org.apache.catalina.startup.HostConfig.deployDirectory Deploying web application directory [/usr/bin/tomcat/webapps/docs]
27-Sep-2021 04:06:22.707 INFO [main] org.apache.catalina.startup.HostConfig.deployDirectory Deployment of web application directory [/usr/bin/tomcat/webapps/docs] has finished in [10] ms
27-Sep-2021 04:06:22.709 INFO [main] org.apache.coyote.AbstractProtocol.start Starting ProtocolHandler ["http-nio-80"]
27-Sep-2021 04:06:22.725 INFO [main] org.apache.catalina.startup.Catalina.start Server startup in [701] milliseconds
27-Sep-2021 04:11:51.296 INFO [main] org.apache.catalina.core.StandardServer.await A valid shutdown command was received via the shutdown port. Stopping the Server instance.
27-Sep-2021 04:11:51.297 INFO [main] org.apache.coyote.AbstractProtocol.pause Pausing ProtocolHandler ["http-nio-80"]
27-Sep-2021 04:11:51.299 INFO [main] org.apache.catalina.core.StandardService.stopInternal Stopping service [Catalina]
27-Sep-2021 04:11:51.363 INFO [main] org.apache.coyote.AbstractProtocol.stop Stopping ProtocolHandler ["http-nio-80"]
27-Sep-2021 04:11:51.403 INFO [main] org.apache.coyote.AbstractProtocol.destroy Destroying ProtocolHandler ["http-nio-80"]
27-Sep-2021 04:11:51.806 WARNING [main] org.apache.tomcat.util.digester.SetPropertiesRule.begin Match [Server/Service/Engine/Host/Context] failed to set property [debug] to [0]
27-Sep-2021 04:11:51.838 WARNING [main] org.apache.tomcat.util.digester.SetPropertiesRule.begin Match [Server/Service/Engine/Host/Context] failed to set property [debug] to [0]
27-Sep-2021 04:11:51.842 WARNING [main] org.apache.tomcat.util.digester.SetPropertiesRule.begin Match [Server/Service/Engine/Host/Context] failed to set property [debug] to [0]
27-Sep-2021 04:11:51.844 INFO [main] org.apache.catalina.startup.VersionLoggerListener.log Server version name:   Apache Tomcat/10.0.8
27-Sep-2021 04:11:51.844 INFO [main] org.apache.catalina.startup.VersionLoggerListener.log Server built:          Jun 25 2021 23:05:41 UTC
27-Sep-2021 04:11:51.844 INFO [main] org.apache.catalina.startup.VersionLoggerListener.log Server version number: 10.0.8.0
27-Sep-2021 04:11:51.844 INFO [main] org.apache.catalina.startup.VersionLoggerListener.log OS Name:               Linux
27-Sep-2021 04:11:51.844 INFO [main] org.apache.catalina.startup.VersionLoggerListener.log OS Version:            5.4.0-77-generic
27-Sep-2021 04:11:51.845 INFO [main] org.apache.catalina.startup.VersionLoggerListener.log Architecture:          amd64
27-Sep-2021 04:11:51.845 INFO [main] org.apache.catalina.startup.VersionLoggerListener.log Java Home:             /usr/lib/jvm/java-16-openjdk-amd64
27-Sep-2021 04:11:51.845 INFO [main] org.apache.catalina.startup.VersionLoggerListener.log JVM Version:           16.0.1+9-Ubuntu-120.04
27-Sep-2021 04:11:51.845 INFO [main] org.apache.catalina.startup.VersionLoggerListener.log JVM Vendor:            Private Build
27-Sep-2021 04:11:51.845 INFO [main] org.apache.catalina.startup.VersionLoggerListener.log CATALINA_BASE:         /usr/bin/tomcat
27-Sep-2021 04:11:51.846 INFO [main] org.apache.catalina.startup.VersionLoggerListener.log CATALINA_HOME:         /usr/bin/tomcat
27-Sep-2021 04:11:51.846 INFO [main] org.apache.catalina.startup.VersionLoggerListener.log Command line argument: --add-opens=java.base/java.lang=ALL-UNNAMED
27-Sep-2021 04:11:51.846 INFO [main] org.apache.catalina.startup.VersionLoggerListener.log Command line argument: --add-opens=java.base/java.io=ALL-UNNAMED
27-Sep-2021 04:11:51.846 INFO [main] org.apache.catalina.startup.VersionLoggerListener.log Command line argument: --add-opens=java.base/java.util=ALL-UNNAMED
27-Sep-2021 04:11:51.846 INFO [main] org.apache.catalina.startup.VersionLoggerListener.log Command line argument: --add-opens=java.base/java.util.concurrent=ALL-UNNAMED
27-Sep-2021 04:11:51.846 INFO [main] org.apache.catalina.startup.VersionLoggerListener.log Command line argument: --add-opens=java.rmi/sun.rmi.transport=ALL-UNNAMED
27-Sep-2021 04:11:51.847 INFO [main] org.apache.catalina.startup.VersionLoggerListener.log Command line argument: -Djava.util.logging.config.file=/usr/bin/tomcat/conf/logging.properties
27-Sep-2021 04:11:51.847 INFO [main] org.apache.catalina.startup.VersionLoggerListener.log Command line argument: -Djava.util.logging.manager=org.apache.juli.ClassLoaderLogManager
27-Sep-2021 04:11:51.847 INFO [main] org.apache.catalina.startup.VersionLoggerListener.log Command line argument: -Djdk.tls.ephemeralDHKeySize=2048
27-Sep-2021 04:11:51.847 INFO [main] org.apache.catalina.startup.VersionLoggerListener.log Command line argument: -Djava.protocol.handler.pkgs=org.apache.catalina.webresources
27-Sep-2021 04:11:51.848 INFO [main] org.apache.catalina.startup.VersionLoggerListener.log Command line argument: -Dorg.apache.catalina.security.SecurityListener.UMASK=0027
27-Sep-2021 04:11:51.848 INFO [main] org.apache.catalina.startup.VersionLoggerListener.log Command line argument: -Dignore.endorsed.dirs=
27-Sep-2021 04:11:51.848 INFO [main] org.apache.catalina.startup.VersionLoggerListener.log Command line argument: -Dcatalina.base=/usr/bin/tomcat
27-Sep-2021 04:11:51.848 INFO [main] org.apache.catalina.startup.VersionLoggerListener.log Command line argument: -Dcatalina.home=/usr/bin/tomcat
27-Sep-2021 04:11:51.848 INFO [main] org.apache.catalina.startup.VersionLoggerListener.log Command line argument: -Djava.io.tmpdir=/usr/bin/tomcat/temp
27-Sep-2021 04:11:51.849 INFO [main] org.apache.catalina.core.AprLifecycleListener.lifecycleEvent The Apache Tomcat Native library which allows using OpenSSL was not found on the java.library.path: [/usr/java/packages/lib:/usr/lib/x86_64-linux-gnu/jni:/lib/x86_64-linux-gnu:/usr/lib/x86_64-linux-gnu:/usr/lib/jni:/lib:/usr/lib]
27-Sep-2021 04:11:52.199 INFO [main] org.apache.coyote.AbstractProtocol.init Initializing ProtocolHandler ["http-nio-80"]
27-Sep-2021 04:11:52.218 INFO [main] org.apache.catalina.startup.Catalina.load Server initialization in [663] milliseconds
27-Sep-2021 04:11:52.255 INFO [main] org.apache.catalina.core.StandardService.startInternal Starting service [Catalina]
27-Sep-2021 04:11:52.255 INFO [main] org.apache.catalina.core.StandardEngine.startInternal Starting Servlet engine: [Apache Tomcat/10.0.8]
27-Sep-2021 04:11:52.553 INFO [main] org.apache.catalina.startup.HostConfig.deployDescriptor Deploying deployment descriptor [/usr/bin/tomcat/conf/Catalina/localhost/manager.xml]
27-Sep-2021 04:11:52.554 WARNING [main] org.apache.catalina.startup.HostConfig.deployDescriptor A docBase [/usr/bin/tomcat/webapps/manager] inside the host appBase has been specified, and will be ignored
27-Sep-2021 04:11:52.588 INFO [main] org.apache.catalina.startup.HostConfig.deployDescriptor Deployment of deployment descriptor [/usr/bin/tomcat/conf/Catalina/localhost/manager.xml] has finished in [35] ms
27-Sep-2021 04:11:52.590 INFO [main] org.apache.catalina.startup.HostConfig.deployDirectory Deploying web application directory [/usr/bin/tomcat/webapps/host-manager]
27-Sep-2021 04:11:52.618 INFO [main] org.apache.catalina.startup.HostConfig.deployDirectory Deployment of web application directory [/usr/bin/tomcat/webapps/host-manager] has finished in [27] ms
27-Sep-2021 04:11:52.618 INFO [main] org.apache.catalina.startup.HostConfig.deployDirectory Deploying web application directory [/usr/bin/tomcat/webapps/ROOTs]
27-Sep-2021 04:11:52.636 INFO [main] org.apache.catalina.startup.HostConfig.deployDirectory Deployment of web application directory [/usr/bin/tomcat/webapps/ROOTs] has finished in [18] ms
27-Sep-2021 04:11:52.636 INFO [main] org.apache.catalina.startup.HostConfig.deployDirectory Deploying web application directory [/usr/bin/tomcat/webapps/examples]
27-Sep-2021 04:11:52.807 INFO [main] org.apache.catalina.startup.HostConfig.deployDirectory Deployment of web application directory [/usr/bin/tomcat/webapps/examples] has finished in [171] ms
27-Sep-2021 04:11:52.808 INFO [main] org.apache.catalina.startup.HostConfig.deployDirectory Deploying web application directory [/usr/bin/tomcat/webapps/ROOT]
27-Sep-2021 04:11:52.825 INFO [main] org.apache.catalina.startup.HostConfig.deployDirectory Deployment of web application directory [/usr/bin/tomcat/webapps/ROOT] has finished in [17] ms
27-Sep-2021 04:11:52.826 INFO [main] org.apache.catalina.startup.HostConfig.deployDirectory Deploying web application directory [/usr/bin/tomcat/webapps/docs]
27-Sep-2021 04:11:52.845 INFO [main] org.apache.catalina.startup.HostConfig.deployDirectory Deployment of web application directory [/usr/bin/tomcat/webapps/docs] has finished in [19] ms
27-Sep-2021 04:11:52.852 INFO [main] org.apache.coyote.AbstractProtocol.start Starting ProtocolHandler ["http-nio-80"]
27-Sep-2021 04:11:52.865 INFO [main] org.apache.catalina.startup.Catalina.start Server startup in [646] milliseconds
27-Sep-2021 04:12:25.080 INFO [main] org.apache.catalina.core.StandardServer.await A valid shutdown command was received via the shutdown port. Stopping the Server instance.
27-Sep-2021 04:12:25.081 INFO [main] org.apache.coyote.AbstractProtocol.pause Pausing ProtocolHandler ["http-nio-80"]
27-Sep-2021 04:12:25.084 INFO [main] org.apache.catalina.core.StandardService.stopInternal Stopping service [Catalina]
27-Sep-2021 04:12:25.127 INFO [main] org.apache.coyote.AbstractProtocol.stop Stopping ProtocolHandler ["http-nio-80"]
27-Sep-2021 04:12:25.137 INFO [main] org.apache.coyote.AbstractProtocol.destroy Destroying ProtocolHandler ["http-nio-80"]
27-Sep-2021 04:12:25.525 WARNING [main] org.apache.tomcat.util.digester.SetPropertiesRule.begin Match [Server/Service/Engine/Host/Context] failed to set property [debug] to [0]
27-Sep-2021 04:12:25.541 WARNING [main] org.apache.tomcat.util.digester.SetPropertiesRule.begin Match [Server/Service/Engine/Host/Context] failed to set property [debug] to [0]
27-Sep-2021 04:12:25.542 WARNING [main] org.apache.tomcat.util.digester.SetPropertiesRule.begin Match [Server/Service/Engine/Host/Context] failed to set property [debug] to [0]
27-Sep-2021 04:12:25.547 INFO [main] org.apache.catalina.startup.VersionLoggerListener.log Server version name:   Apache Tomcat/10.0.8
27-Sep-2021 04:12:25.547 INFO [main] org.apache.catalina.startup.VersionLoggerListener.log Server built:          Jun 25 2021 23:05:41 UTC
27-Sep-2021 04:12:25.547 INFO [main] org.apache.catalina.startup.VersionLoggerListener.log Server version number: 10.0.8.0
27-Sep-2021 04:12:25.548 INFO [main] org.apache.catalina.startup.VersionLoggerListener.log OS Name:               Linux
27-Sep-2021 04:12:25.548 INFO [main] org.apache.catalina.startup.VersionLoggerListener.log OS Version:            5.4.0-77-generic
27-Sep-2021 04:12:25.548 INFO [main] org.apache.catalina.startup.VersionLoggerListener.log Architecture:          amd64
27-Sep-2021 04:12:25.548 INFO [main] org.apache.catalina.startup.VersionLoggerListener.log Java Home:             /usr/lib/jvm/java-16-openjdk-amd64
27-Sep-2021 04:12:25.548 INFO [main] org.apache.catalina.startup.VersionLoggerListener.log JVM Version:           16.0.1+9-Ubuntu-120.04
27-Sep-2021 04:12:25.548 INFO [main] org.apache.catalina.startup.VersionLoggerListener.log JVM Vendor:            Private Build
27-Sep-2021 04:12:25.548 INFO [main] org.apache.catalina.startup.VersionLoggerListener.log CATALINA_BASE:         /usr/bin/tomcat
27-Sep-2021 04:12:25.549 INFO [main] org.apache.catalina.startup.VersionLoggerListener.log CATALINA_HOME:         /usr/bin/tomcat
27-Sep-2021 04:12:25.549 INFO [main] org.apache.catalina.startup.VersionLoggerListener.log Command line argument: --add-opens=java.base/java.lang=ALL-UNNAMED
27-Sep-2021 04:12:25.549 INFO [main] org.apache.catalina.startup.VersionLoggerListener.log Command line argument: --add-opens=java.base/java.io=ALL-UNNAMED
27-Sep-2021 04:12:25.549 INFO [main] org.apache.catalina.startup.VersionLoggerListener.log Command line argument: --add-opens=java.base/java.util=ALL-UNNAMED
27-Sep-2021 04:12:25.549 INFO [main] org.apache.catalina.startup.VersionLoggerListener.log Command line argument: --add-opens=java.base/java.util.concurrent=ALL-UNNAMED
27-Sep-2021 04:12:25.549 INFO [main] org.apache.catalina.startup.VersionLoggerListener.log Command line argument: --add-opens=java.rmi/sun.rmi.transport=ALL-UNNAMED
27-Sep-2021 04:12:25.549 INFO [main] org.apache.catalina.startup.VersionLoggerListener.log Command line argument: -Djava.util.logging.config.file=/usr/bin/tomcat/conf/logging.properties
27-Sep-2021 04:12:25.550 INFO [main] org.apache.catalina.startup.VersionLoggerListener.log Command line argument: -Djava.util.logging.manager=org.apache.juli.ClassLoaderLogManager
27-Sep-2021 04:12:25.550 INFO [main] org.apache.catalina.startup.VersionLoggerListener.log Command line argument: -Djdk.tls.ephemeralDHKeySize=2048
27-Sep-2021 04:12:25.550 INFO [main] org.apache.catalina.startup.VersionLoggerListener.log Command line argument: -Djava.protocol.handler.pkgs=org.apache.catalina.webresources
27-Sep-2021 04:12:25.550 INFO [main] org.apache.catalina.startup.VersionLoggerListener.log Command line argument: -Dorg.apache.catalina.security.SecurityListener.UMASK=0027
27-Sep-2021 04:12:25.550 INFO [main] org.apache.catalina.startup.VersionLoggerListener.log Command line argument: -Dignore.endorsed.dirs=
27-Sep-2021 04:12:25.550 INFO [main] org.apache.catalina.startup.VersionLoggerListener.log Command line argument: -Dcatalina.base=/usr/bin/tomcat
27-Sep-2021 04:12:25.550 INFO [main] org.apache.catalina.startup.VersionLoggerListener.log Command line argument: -Dcatalina.home=/usr/bin/tomcat
27-Sep-2021 04:12:25.550 INFO [main] org.apache.catalina.startup.VersionLoggerListener.log Command line argument: -Djava.io.tmpdir=/usr/bin/tomcat/temp
27-Sep-2021 04:12:25.551 INFO [main] org.apache.catalina.core.AprLifecycleListener.lifecycleEvent The Apache Tomcat Native library which allows using OpenSSL was not found on the java.library.path: [/usr/java/packages/lib:/usr/lib/x86_64-linux-gnu/jni:/lib/x86_64-linux-gnu:/usr/lib/x86_64-linux-gnu:/usr/lib/jni:/lib:/usr/lib]
27-Sep-2021 04:12:25.859 INFO [main] org.apache.coyote.AbstractProtocol.init Initializing ProtocolHandler ["http-nio-80"]
27-Sep-2021 04:12:25.897 INFO [main] org.apache.catalina.startup.Catalina.load Server initialization in [554] milliseconds
27-Sep-2021 04:12:25.938 INFO [main] org.apache.catalina.core.StandardService.startInternal Starting service [Catalina]
27-Sep-2021 04:12:25.939 INFO [main] org.apache.catalina.core.StandardEngine.startInternal Starting Servlet engine: [Apache Tomcat/10.0.8]
27-Sep-2021 04:12:26.224 INFO [main] org.apache.catalina.startup.HostConfig.deployDescriptor Deploying deployment descriptor [/usr/bin/tomcat/conf/Catalina/localhost/manager.xml]
27-Sep-2021 04:12:26.229 WARNING [main] org.apache.catalina.startup.HostConfig.deployDescriptor A docBase [/usr/bin/tomcat/webapps/manager] inside the host appBase has been specified, and will be ignored
27-Sep-2021 04:12:26.278 INFO [main] org.apache.catalina.startup.HostConfig.deployDescriptor Deployment of deployment descriptor [/usr/bin/tomcat/conf/Catalina/localhost/manager.xml] has finished in [55] ms
27-Sep-2021 04:12:26.279 INFO [main] org.apache.catalina.startup.HostConfig.deployDirectory Deploying web application directory [/usr/bin/tomcat/webapps/host-manager]
27-Sep-2021 04:12:26.306 INFO [main] org.apache.catalina.startup.HostConfig.deployDirectory Deployment of web application directory [/usr/bin/tomcat/webapps/host-manager] has finished in [26] ms
27-Sep-2021 04:12:26.306 INFO [main] org.apache.catalina.startup.HostConfig.deployDirectory Deploying web application directory [/usr/bin/tomcat/webapps/ROOTs]
27-Sep-2021 04:12:26.330 INFO [main] org.apache.catalina.startup.HostConfig.deployDirectory Deployment of web application directory [/usr/bin/tomcat/webapps/ROOTs] has finished in [23] ms
27-Sep-2021 04:12:26.330 INFO [main] org.apache.catalina.startup.HostConfig.deployDirectory Deploying web application directory [/usr/bin/tomcat/webapps/examples]
27-Sep-2021 04:12:26.498 INFO [main] org.apache.catalina.startup.HostConfig.deployDirectory Deployment of web application directory [/usr/bin/tomcat/webapps/examples] has finished in [168] ms
27-Sep-2021 04:12:26.499 INFO [main] org.apache.catalina.startup.HostConfig.deployDirectory Deploying web application directory [/usr/bin/tomcat/webapps/ROOT]
27-Sep-2021 04:12:26.515 INFO [main] org.apache.catalina.startup.HostConfig.deployDirectory Deployment of web application directory [/usr/bin/tomcat/webapps/ROOT] has finished in [17] ms
27-Sep-2021 04:12:26.516 INFO [main] org.apache.catalina.startup.HostConfig.deployDirectory Deploying web application directory [/usr/bin/tomcat/webapps/docs]
27-Sep-2021 04:12:26.531 INFO [main] org.apache.catalina.startup.HostConfig.deployDirectory Deployment of web application directory [/usr/bin/tomcat/webapps/docs] has finished in [15] ms
27-Sep-2021 04:12:26.535 INFO [main] org.apache.coyote.AbstractProtocol.start Starting ProtocolHandler ["http-nio-80"]
27-Sep-2021 04:12:26.549 INFO [main] org.apache.catalina.startup.Catalina.start Server startup in [650] milliseconds
27-Sep-2021 04:12:55.986 INFO [main] org.apache.catalina.core.StandardServer.await A valid shutdown command was received via the shutdown port. Stopping the Server instance.
27-Sep-2021 04:12:55.987 INFO [main] org.apache.coyote.AbstractProtocol.pause Pausing ProtocolHandler ["http-nio-80"]
27-Sep-2021 04:12:55.994 INFO [main] org.apache.catalina.core.StandardService.stopInternal Stopping service [Catalina]
27-Sep-2021 04:12:56.028 INFO [main] org.apache.coyote.AbstractProtocol.stop Stopping ProtocolHandler ["http-nio-80"]
27-Sep-2021 04:12:56.041 INFO [main] org.apache.coyote.AbstractProtocol.destroy Destroying ProtocolHandler ["http-nio-80"]
27-Sep-2021 04:12:56.445 WARNING [main] org.apache.tomcat.util.digester.SetPropertiesRule.begin Match [Server/Service/Engine/Host/Context] failed to set property [debug] to [0]
27-Sep-2021 04:12:56.460 WARNING [main] org.apache.tomcat.util.digester.SetPropertiesRule.begin Match [Server/Service/Engine/Host/Context] failed to set property [debug] to [0]
27-Sep-2021 04:12:56.461 WARNING [main] org.apache.tomcat.util.digester.SetPropertiesRule.begin Match [Server/Service/Engine/Host/Context] failed to set property [debug] to [0]
27-Sep-2021 04:12:56.466 INFO [main] org.apache.catalina.startup.VersionLoggerListener.log Server version name:   Apache Tomcat/10.0.8
27-Sep-2021 04:12:56.466 INFO [main] org.apache.catalina.startup.VersionLoggerListener.log Server built:          Jun 25 2021 23:05:41 UTC
27-Sep-2021 04:12:56.466 INFO [main] org.apache.catalina.startup.VersionLoggerListener.log Server version number: 10.0.8.0
27-Sep-2021 04:12:56.467 INFO [main] org.apache.catalina.startup.VersionLoggerListener.log OS Name:               Linux
27-Sep-2021 04:12:56.467 INFO [main] org.apache.catalina.startup.VersionLoggerListener.log OS Version:            5.4.0-77-generic
27-Sep-2021 04:12:56.467 INFO [main] org.apache.catalina.startup.VersionLoggerListener.log Architecture:          amd64
27-Sep-2021 04:12:56.467 INFO [main] org.apache.catalina.startup.VersionLoggerListener.log Java Home:             /usr/lib/jvm/java-16-openjdk-amd64
27-Sep-2021 04:12:56.467 INFO [main] org.apache.catalina.startup.VersionLoggerListener.log JVM Version:           16.0.1+9-Ubuntu-120.04
27-Sep-2021 04:12:56.467 INFO [main] org.apache.catalina.startup.VersionLoggerListener.log JVM Vendor:            Private Build
27-Sep-2021 04:12:56.468 INFO [main] org.apache.catalina.startup.VersionLoggerListener.log CATALINA_BASE:         /usr/bin/tomcat
27-Sep-2021 04:12:56.468 INFO [main] org.apache.catalina.startup.VersionLoggerListener.log CATALINA_HOME:         /usr/bin/tomcat
27-Sep-2021 04:12:56.473 INFO [main] org.apache.catalina.startup.VersionLoggerListener.log Command line argument: --add-opens=java.base/java.lang=ALL-UNNAMED
27-Sep-2021 04:12:56.473 INFO [main] org.apache.catalina.startup.VersionLoggerListener.log Command line argument: --add-opens=java.base/java.io=ALL-UNNAMED
27-Sep-2021 04:12:56.474 INFO [main] org.apache.catalina.startup.VersionLoggerListener.log Command line argument: --add-opens=java.base/java.util=ALL-UNNAMED
27-Sep-2021 04:12:56.474 INFO [main] org.apache.catalina.startup.VersionLoggerListener.log Command line argument: --add-opens=java.base/java.util.concurrent=ALL-UNNAMED
27-Sep-2021 04:12:56.474 INFO [main] org.apache.catalina.startup.VersionLoggerListener.log Command line argument: --add-opens=java.rmi/sun.rmi.transport=ALL-UNNAMED
27-Sep-2021 04:12:56.474 INFO [main] org.apache.catalina.startup.VersionLoggerListener.log Command line argument: -Djava.util.logging.config.file=/usr/bin/tomcat/conf/logging.properties
27-Sep-2021 04:12:56.474 INFO [main] org.apache.catalina.startup.VersionLoggerListener.log Command line argument: -Djava.util.logging.manager=org.apache.juli.ClassLoaderLogManager
27-Sep-2021 04:12:56.474 INFO [main] org.apache.catalina.startup.VersionLoggerListener.log Command line argument: -Djdk.tls.ephemeralDHKeySize=2048
27-Sep-2021 04:12:56.475 INFO [main] org.apache.catalina.startup.VersionLoggerListener.log Command line argument: -Djava.protocol.handler.pkgs=org.apache.catalina.webresources
27-Sep-2021 04:12:56.475 INFO [main] org.apache.catalina.startup.VersionLoggerListener.log Command line argument: -Dorg.apache.catalina.security.SecurityListener.UMASK=0027
27-Sep-2021 04:12:56.475 INFO [main] org.apache.catalina.startup.VersionLoggerListener.log Command line argument: -Dignore.endorsed.dirs=
27-Sep-2021 04:12:56.475 INFO [main] org.apache.catalina.startup.VersionLoggerListener.log Command line argument: -Dcatalina.base=/usr/bin/tomcat
27-Sep-2021 04:12:56.475 INFO [main] org.apache.catalina.startup.VersionLoggerListener.log Command line argument: -Dcatalina.home=/usr/bin/tomcat
27-Sep-2021 04:12:56.475 INFO [main] org.apache.catalina.startup.VersionLoggerListener.log Command line argument: -Djava.io.tmpdir=/usr/bin/tomcat/temp
27-Sep-2021 04:12:56.477 INFO [main] org.apache.catalina.core.AprLifecycleListener.lifecycleEvent The Apache Tomcat Native library which allows using OpenSSL was not found on the java.library.path: [/usr/java/packages/lib:/usr/lib/x86_64-linux-gnu/jni:/lib/x86_64-linux-gnu:/usr/lib/x86_64-linux-gnu:/usr/lib/jni:/lib:/usr/lib]
27-Sep-2021 04:12:56.713 INFO [main] org.apache.coyote.AbstractProtocol.init Initializing ProtocolHandler ["http-nio-80"]
27-Sep-2021 04:12:56.731 INFO [main] org.apache.catalina.startup.Catalina.load Server initialization in [496] milliseconds
27-Sep-2021 04:12:56.770 INFO [main] org.apache.catalina.core.StandardService.startInternal Starting service [Catalina]
27-Sep-2021 04:12:56.770 INFO [main] org.apache.catalina.core.StandardEngine.startInternal Starting Servlet engine: [Apache Tomcat/10.0.8]
27-Sep-2021 04:12:56.986 INFO [main] org.apache.catalina.startup.HostConfig.deployDescriptor Deploying deployment descriptor [/usr/bin/tomcat/conf/Catalina/localhost/manager.xml]
27-Sep-2021 04:12:56.989 WARNING [main] org.apache.catalina.startup.HostConfig.deployDescriptor A docBase [/usr/bin/tomcat/webapps/manager] inside the host appBase has been specified, and will be ignored
27-Sep-2021 04:12:57.041 INFO [main] org.apache.catalina.startup.HostConfig.deployDescriptor Deployment of deployment descriptor [/usr/bin/tomcat/conf/Catalina/localhost/manager.xml] has finished in [54] ms
27-Sep-2021 04:12:57.042 INFO [main] org.apache.catalina.startup.HostConfig.deployDirectory Deploying web application directory [/usr/bin/tomcat/webapps/host-manager]
27-Sep-2021 04:12:57.071 INFO [main] org.apache.catalina.startup.HostConfig.deployDirectory Deployment of web application directory [/usr/bin/tomcat/webapps/host-manager] has finished in [29] ms
27-Sep-2021 04:12:57.072 INFO [main] org.apache.catalina.startup.HostConfig.deployDirectory Deploying web application directory [/usr/bin/tomcat/webapps/ROOTs]
27-Sep-2021 04:12:57.094 INFO [main] org.apache.catalina.startup.HostConfig.deployDirectory Deployment of web application directory [/usr/bin/tomcat/webapps/ROOTs] has finished in [23] ms
27-Sep-2021 04:12:57.095 INFO [main] org.apache.catalina.startup.HostConfig.deployDirectory Deploying web application directory [/usr/bin/tomcat/webapps/examples]
27-Sep-2021 04:12:57.261 INFO [main] org.apache.catalina.startup.HostConfig.deployDirectory Deployment of web application directory [/usr/bin/tomcat/webapps/examples] has finished in [166] ms
27-Sep-2021 04:12:57.261 INFO [main] org.apache.catalina.startup.HostConfig.deployDirectory Deploying web application directory [/usr/bin/tomcat/webapps/ROOT]
27-Sep-2021 04:12:57.272 INFO [main] org.apache.catalina.startup.HostConfig.deployDirectory Deployment of web application directory [/usr/bin/tomcat/webapps/ROOT] has finished in [11] ms
27-Sep-2021 04:12:57.273 INFO [main] org.apache.catalina.startup.HostConfig.deployDirectory Deploying web application directory [/usr/bin/tomcat/webapps/docs]
27-Sep-2021 04:12:57.282 INFO [main] org.apache.catalina.startup.HostConfig.deployDirectory Deployment of web application directory [/usr/bin/tomcat/webapps/docs] has finished in [10] ms
27-Sep-2021 04:12:57.285 INFO [main] org.apache.coyote.AbstractProtocol.start Starting ProtocolHandler ["http-nio-80"]
27-Sep-2021 04:12:57.300 INFO [main] org.apache.catalina.startup.Catalina.start Server startup in [569] milliseconds
27-Sep-2021 04:39:41.582 INFO [http-nio-80-exec-7] org.apache.coyote.http11.Http11Processor.service Error parsing HTTP request header
 Note: further occurrences of HTTP request parsing errors will be logged at DEBUG level.
	java.lang.IllegalArgumentException: Invalid character found in method name [sh+/tmp/gpon80&ipv=0...]. HTTP method names must be tokens
		at org.apache.coyote.http11.Http11InputBuffer.parseRequestLine(Http11InputBuffer.java:419)
		at org.apache.coyote.http11.Http11Processor.service(Http11Processor.java:269)
		at org.apache.coyote.AbstractProcessorLight.process(AbstractProcessorLight.java:65)
		at org.apache.coyote.AbstractProtocol$ConnectionHandler.process(AbstractProtocol.java:870)
		at org.apache.tomcat.util.net.NioEndpoint$SocketProcessor.doRun(NioEndpoint.java:1696)
		at org.apache.tomcat.util.net.SocketProcessorBase.run(SocketProcessorBase.java:49)
		at java.base/java.util.concurrent.ThreadPoolExecutor.runWorker(ThreadPoolExecutor.java:1130)
		at java.base/java.util.concurrent.ThreadPoolExecutor$Worker.run(ThreadPoolExecutor.java:630)
		at org.apache.tomcat.util.threads.TaskThread$WrappingRunnable.run(TaskThread.java:61)
		at java.base/java.lang.Thread.run(Thread.java:831)
27-Sep-2021 08:39:39.330 INFO [http-nio-80-exec-3] org.apache.coyote.http11.Http11Processor.service Error parsing HTTP request header
 Note: further occurrences of HTTP request parsing errors will be logged at DEBUG level.
	java.lang.IllegalArgumentException: Invalid character found in method name [0x030x000x00/*0xe00x000x000x000x000x00Cookie: ]. HTTP method names must be tokens
		at org.apache.coyote.http11.Http11InputBuffer.parseRequestLine(Http11InputBuffer.java:419)
		at org.apache.coyote.http11.Http11Processor.service(Http11Processor.java:269)
		at org.apache.coyote.AbstractProcessorLight.process(AbstractProcessorLight.java:65)
		at org.apache.coyote.AbstractProtocol$ConnectionHandler.process(AbstractProtocol.java:870)
		at org.apache.tomcat.util.net.NioEndpoint$SocketProcessor.doRun(NioEndpoint.java:1696)
		at org.apache.tomcat.util.net.SocketProcessorBase.run(SocketProcessorBase.java:49)
		at java.base/java.util.concurrent.ThreadPoolExecutor.runWorker(ThreadPoolExecutor.java:1130)
		at java.base/java.util.concurrent.ThreadPoolExecutor$Worker.run(ThreadPoolExecutor.java:630)
		at org.apache.tomcat.util.threads.TaskThread$WrappingRunnable.run(TaskThread.java:61)
		at java.base/java.lang.Thread.run(Thread.java:831)
