05-Aug-2021 15:02:32.722 INFO [main] org.apache.catalina.core.StandardServer.await A valid shutdown command was received via the shutdown port. Stopping the Server instance.
05-Aug-2021 15:02:32.723 INFO [main] org.apache.coyote.AbstractProtocol.pause Pausing ProtocolHandler ["http-nio-9080"]
05-Aug-2021 15:02:32.731 INFO [main] org.apache.catalina.core.StandardService.stopInternal Stopping service [Catalina]
05-Aug-2021 15:02:32.797 INFO [main] org.apache.coyote.AbstractProtocol.stop Stopping ProtocolHandler ["http-nio-9080"]
05-Aug-2021 15:02:32.831 INFO [main] org.apache.coyote.AbstractProtocol.destroy Destroying ProtocolHandler ["http-nio-9080"]
05-Aug-2021 15:02:33.286 WARNING [main] org.apache.tomcat.util.digester.SetPropertiesRule.begin Match [Server/Service/Engine/Host/Context] failed to set property [debug] to [0]
05-Aug-2021 15:02:33.311 WARNING [main] org.apache.tomcat.util.digester.SetPropertiesRule.begin Match [Server/Service/Engine/Host/Context] failed to set property [debug] to [0]
05-Aug-2021 15:02:33.312 WARNING [main] org.apache.tomcat.util.digester.SetPropertiesRule.begin Match [Server/Service/Engine/Host/Context] failed to set property [debug] to [0]
05-Aug-2021 15:02:33.315 INFO [main] org.apache.catalina.startup.VersionLoggerListener.log Server version name:   Apache Tomcat/10.0.8
05-Aug-2021 15:02:33.316 INFO [main] org.apache.catalina.startup.VersionLoggerListener.log Server built:          Jun 25 2021 23:05:41 UTC
05-Aug-2021 15:02:33.316 INFO [main] org.apache.catalina.startup.VersionLoggerListener.log Server version number: 10.0.8.0
05-Aug-2021 15:02:33.317 INFO [main] org.apache.catalina.startup.VersionLoggerListener.log OS Name:               Linux
05-Aug-2021 15:02:33.317 INFO [main] org.apache.catalina.startup.VersionLoggerListener.log OS Version:            5.4.0-77-generic
05-Aug-2021 15:02:33.317 INFO [main] org.apache.catalina.startup.VersionLoggerListener.log Architecture:          amd64
05-Aug-2021 15:02:33.317 INFO [main] org.apache.catalina.startup.VersionLoggerListener.log Java Home:             /usr/lib/jvm/java-16-openjdk-amd64
05-Aug-2021 15:02:33.317 INFO [main] org.apache.catalina.startup.VersionLoggerListener.log JVM Version:           16.0.1+9-Ubuntu-120.04
05-Aug-2021 15:02:33.318 INFO [main] org.apache.catalina.startup.VersionLoggerListener.log JVM Vendor:            Private Build
05-Aug-2021 15:02:33.318 INFO [main] org.apache.catalina.startup.VersionLoggerListener.log CATALINA_BASE:         /usr/bin/tomcat
05-Aug-2021 15:02:33.318 INFO [main] org.apache.catalina.startup.VersionLoggerListener.log CATALINA_HOME:         /usr/bin/tomcat
05-Aug-2021 15:02:33.319 INFO [main] org.apache.catalina.startup.VersionLoggerListener.log Command line argument: --add-opens=java.base/java.lang=ALL-UNNAMED
05-Aug-2021 15:02:33.320 INFO [main] org.apache.catalina.startup.VersionLoggerListener.log Command line argument: --add-opens=java.base/java.io=ALL-UNNAMED
05-Aug-2021 15:02:33.320 INFO [main] org.apache.catalina.startup.VersionLoggerListener.log Command line argument: --add-opens=java.base/java.util=ALL-UNNAMED
05-Aug-2021 15:02:33.320 INFO [main] org.apache.catalina.startup.VersionLoggerListener.log Command line argument: --add-opens=java.base/java.util.concurrent=ALL-UNNAMED
05-Aug-2021 15:02:33.320 INFO [main] org.apache.catalina.startup.VersionLoggerListener.log Command line argument: --add-opens=java.rmi/sun.rmi.transport=ALL-UNNAMED
05-Aug-2021 15:02:33.320 INFO [main] org.apache.catalina.startup.VersionLoggerListener.log Command line argument: -Djava.util.logging.config.file=/usr/bin/tomcat/conf/logging.properties
05-Aug-2021 15:02:33.320 INFO [main] org.apache.catalina.startup.VersionLoggerListener.log Command line argument: -Djava.util.logging.manager=org.apache.juli.ClassLoaderLogManager
05-Aug-2021 15:02:33.320 INFO [main] org.apache.catalina.startup.VersionLoggerListener.log Command line argument: -Djdk.tls.ephemeralDHKeySize=2048
05-Aug-2021 15:02:33.320 INFO [main] org.apache.catalina.startup.VersionLoggerListener.log Command line argument: -Djava.protocol.handler.pkgs=org.apache.catalina.webresources
05-Aug-2021 15:02:33.321 INFO [main] org.apache.catalina.startup.VersionLoggerListener.log Command line argument: -Dorg.apache.catalina.security.SecurityListener.UMASK=0027
05-Aug-2021 15:02:33.321 INFO [main] org.apache.catalina.startup.VersionLoggerListener.log Command line argument: -Dignore.endorsed.dirs=
05-Aug-2021 15:02:33.322 INFO [main] org.apache.catalina.startup.VersionLoggerListener.log Command line argument: -Dcatalina.base=/usr/bin/tomcat
05-Aug-2021 15:02:33.322 INFO [main] org.apache.catalina.startup.VersionLoggerListener.log Command line argument: -Dcatalina.home=/usr/bin/tomcat
05-Aug-2021 15:02:33.322 INFO [main] org.apache.catalina.startup.VersionLoggerListener.log Command line argument: -Djava.io.tmpdir=/usr/bin/tomcat/temp
05-Aug-2021 15:02:33.324 INFO [main] org.apache.catalina.core.AprLifecycleListener.lifecycleEvent The Apache Tomcat Native library which allows using OpenSSL was not found on the java.library.path: [/usr/java/packages/lib:/usr/lib/x86_64-linux-gnu/jni:/lib/x86_64-linux-gnu:/usr/lib/x86_64-linux-gnu:/usr/lib/jni:/lib:/usr/lib]
05-Aug-2021 15:02:33.653 INFO [main] org.apache.coyote.AbstractProtocol.init Initializing ProtocolHandler ["http-nio-80"]
05-Aug-2021 15:02:33.692 INFO [main] org.apache.catalina.startup.Catalina.load Server initialization in [690] milliseconds
05-Aug-2021 15:02:33.758 INFO [main] org.apache.catalina.core.StandardService.startInternal Starting service [Catalina]
05-Aug-2021 15:02:33.759 INFO [main] org.apache.catalina.core.StandardEngine.startInternal Starting Servlet engine: [Apache Tomcat/10.0.8]
05-Aug-2021 15:02:34.045 INFO [main] org.apache.catalina.startup.HostConfig.deployDescriptor Deploying deployment descriptor [/usr/bin/tomcat/conf/Catalina/localhost/manager.xml]
05-Aug-2021 15:02:34.047 WARNING [main] org.apache.catalina.startup.HostConfig.deployDescriptor A docBase [/usr/bin/tomcat/webapps/manager] inside the host appBase has been specified, and will be ignored
05-Aug-2021 15:02:34.073 INFO [main] org.apache.catalina.startup.HostConfig.deployDescriptor Deployment of deployment descriptor [/usr/bin/tomcat/conf/Catalina/localhost/manager.xml] has finished in [27] ms
05-Aug-2021 15:02:34.073 INFO [main] org.apache.catalina.startup.HostConfig.deployDirectory Deploying web application directory [/usr/bin/tomcat/webapps/host-manager]
05-Aug-2021 15:02:34.099 INFO [main] org.apache.catalina.startup.HostConfig.deployDirectory Deployment of web application directory [/usr/bin/tomcat/webapps/host-manager] has finished in [26] ms
05-Aug-2021 15:02:34.100 INFO [main] org.apache.catalina.startup.HostConfig.deployDirectory Deploying web application directory [/usr/bin/tomcat/webapps/examples]
05-Aug-2021 15:02:34.403 INFO [main] org.apache.catalina.startup.HostConfig.deployDirectory Deployment of web application directory [/usr/bin/tomcat/webapps/examples] has finished in [302] ms
05-Aug-2021 15:02:34.403 INFO [main] org.apache.catalina.startup.HostConfig.deployDirectory Deploying web application directory [/usr/bin/tomcat/webapps/ROOT]
05-Aug-2021 15:02:34.425 INFO [main] org.apache.catalina.startup.HostConfig.deployDirectory Deployment of web application directory [/usr/bin/tomcat/webapps/ROOT] has finished in [22] ms
05-Aug-2021 15:02:34.426 INFO [main] org.apache.catalina.startup.HostConfig.deployDirectory Deploying web application directory [/usr/bin/tomcat/webapps/docs]
05-Aug-2021 15:02:34.450 INFO [main] org.apache.catalina.startup.HostConfig.deployDirectory Deployment of web application directory [/usr/bin/tomcat/webapps/docs] has finished in [24] ms
05-Aug-2021 15:02:34.456 INFO [main] org.apache.coyote.AbstractProtocol.start Starting ProtocolHandler ["http-nio-80"]
05-Aug-2021 15:02:34.475 INFO [main] org.apache.catalina.startup.Catalina.start Server startup in [782] milliseconds
05-Aug-2021 15:03:03.846 INFO [main] org.apache.catalina.core.StandardServer.await A valid shutdown command was received via the shutdown port. Stopping the Server instance.
05-Aug-2021 15:03:03.847 INFO [main] org.apache.coyote.AbstractProtocol.pause Pausing ProtocolHandler ["http-nio-80"]
05-Aug-2021 15:03:03.853 INFO [main] org.apache.catalina.core.StandardService.stopInternal Stopping service [Catalina]
05-Aug-2021 15:03:03.894 INFO [main] org.apache.coyote.AbstractProtocol.stop Stopping ProtocolHandler ["http-nio-80"]
05-Aug-2021 15:03:03.902 INFO [main] org.apache.coyote.AbstractProtocol.destroy Destroying ProtocolHandler ["http-nio-80"]
05-Aug-2021 15:03:04.381 WARNING [main] org.apache.tomcat.util.digester.SetPropertiesRule.begin Match [Server/Service/Engine/Host/Context] failed to set property [debug] to [0]
05-Aug-2021 15:03:04.402 WARNING [main] org.apache.tomcat.util.digester.SetPropertiesRule.begin Match [Server/Service/Engine/Host/Context] failed to set property [debug] to [0]
05-Aug-2021 15:03:04.405 WARNING [main] org.apache.tomcat.util.digester.SetPropertiesRule.begin Match [Server/Service/Engine/Host/Context] failed to set property [debug] to [0]
05-Aug-2021 15:03:04.407 INFO [main] org.apache.catalina.startup.VersionLoggerListener.log Server version name:   Apache Tomcat/10.0.8
05-Aug-2021 15:03:04.407 INFO [main] org.apache.catalina.startup.VersionLoggerListener.log Server built:          Jun 25 2021 23:05:41 UTC
05-Aug-2021 15:03:04.407 INFO [main] org.apache.catalina.startup.VersionLoggerListener.log Server version number: 10.0.8.0
05-Aug-2021 15:03:04.407 INFO [main] org.apache.catalina.startup.VersionLoggerListener.log OS Name:               Linux
05-Aug-2021 15:03:04.407 INFO [main] org.apache.catalina.startup.VersionLoggerListener.log OS Version:            5.4.0-77-generic
05-Aug-2021 15:03:04.408 INFO [main] org.apache.catalina.startup.VersionLoggerListener.log Architecture:          amd64
05-Aug-2021 15:03:04.408 INFO [main] org.apache.catalina.startup.VersionLoggerListener.log Java Home:             /usr/lib/jvm/java-16-openjdk-amd64
05-Aug-2021 15:03:04.408 INFO [main] org.apache.catalina.startup.VersionLoggerListener.log JVM Version:           16.0.1+9-Ubuntu-120.04
05-Aug-2021 15:03:04.408 INFO [main] org.apache.catalina.startup.VersionLoggerListener.log JVM Vendor:            Private Build
05-Aug-2021 15:03:04.408 INFO [main] org.apache.catalina.startup.VersionLoggerListener.log CATALINA_BASE:         /usr/bin/tomcat
05-Aug-2021 15:03:04.408 INFO [main] org.apache.catalina.startup.VersionLoggerListener.log CATALINA_HOME:         /usr/bin/tomcat
05-Aug-2021 15:03:04.409 INFO [main] org.apache.catalina.startup.VersionLoggerListener.log Command line argument: --add-opens=java.base/java.lang=ALL-UNNAMED
05-Aug-2021 15:03:04.409 INFO [main] org.apache.catalina.startup.VersionLoggerListener.log Command line argument: --add-opens=java.base/java.io=ALL-UNNAMED
05-Aug-2021 15:03:04.409 INFO [main] org.apache.catalina.startup.VersionLoggerListener.log Command line argument: --add-opens=java.base/java.util=ALL-UNNAMED
05-Aug-2021 15:03:04.409 INFO [main] org.apache.catalina.startup.VersionLoggerListener.log Command line argument: --add-opens=java.base/java.util.concurrent=ALL-UNNAMED
05-Aug-2021 15:03:04.409 INFO [main] org.apache.catalina.startup.VersionLoggerListener.log Command line argument: --add-opens=java.rmi/sun.rmi.transport=ALL-UNNAMED
05-Aug-2021 15:03:04.409 INFO [main] org.apache.catalina.startup.VersionLoggerListener.log Command line argument: -Djava.util.logging.config.file=/usr/bin/tomcat/conf/logging.properties
05-Aug-2021 15:03:04.409 INFO [main] org.apache.catalina.startup.VersionLoggerListener.log Command line argument: -Djava.util.logging.manager=org.apache.juli.ClassLoaderLogManager
05-Aug-2021 15:03:04.409 INFO [main] org.apache.catalina.startup.VersionLoggerListener.log Command line argument: -Djdk.tls.ephemeralDHKeySize=2048
05-Aug-2021 15:03:04.409 INFO [main] org.apache.catalina.startup.VersionLoggerListener.log Command line argument: -Djava.protocol.handler.pkgs=org.apache.catalina.webresources
05-Aug-2021 15:03:04.409 INFO [main] org.apache.catalina.startup.VersionLoggerListener.log Command line argument: -Dorg.apache.catalina.security.SecurityListener.UMASK=0027
05-Aug-2021 15:03:04.409 INFO [main] org.apache.catalina.startup.VersionLoggerListener.log Command line argument: -Dignore.endorsed.dirs=
05-Aug-2021 15:03:04.409 INFO [main] org.apache.catalina.startup.VersionLoggerListener.log Command line argument: -Dcatalina.base=/usr/bin/tomcat
05-Aug-2021 15:03:04.410 INFO [main] org.apache.catalina.startup.VersionLoggerListener.log Command line argument: -Dcatalina.home=/usr/bin/tomcat
05-Aug-2021 15:03:04.412 INFO [main] org.apache.catalina.startup.VersionLoggerListener.log Command line argument: -Djava.io.tmpdir=/usr/bin/tomcat/temp
05-Aug-2021 15:03:04.413 INFO [main] org.apache.catalina.core.AprLifecycleListener.lifecycleEvent The Apache Tomcat Native library which allows using OpenSSL was not found on the java.library.path: [/usr/java/packages/lib:/usr/lib/x86_64-linux-gnu/jni:/lib/x86_64-linux-gnu:/usr/lib/x86_64-linux-gnu:/usr/lib/jni:/lib:/usr/lib]
05-Aug-2021 15:03:04.692 INFO [main] org.apache.coyote.AbstractProtocol.init Initializing ProtocolHandler ["http-nio-9080"]
05-Aug-2021 15:03:04.712 INFO [main] org.apache.catalina.startup.Catalina.load Server initialization in [587] milliseconds
05-Aug-2021 15:03:04.753 INFO [main] org.apache.catalina.core.StandardService.startInternal Starting service [Catalina]
05-Aug-2021 15:03:04.754 INFO [main] org.apache.catalina.core.StandardEngine.startInternal Starting Servlet engine: [Apache Tomcat/10.0.8]
05-Aug-2021 15:03:05.037 INFO [main] org.apache.catalina.startup.HostConfig.deployDescriptor Deploying deployment descriptor [/usr/bin/tomcat/conf/Catalina/localhost/manager.xml]
05-Aug-2021 15:03:05.039 WARNING [main] org.apache.catalina.startup.HostConfig.deployDescriptor A docBase [/usr/bin/tomcat/webapps/manager] inside the host appBase has been specified, and will be ignored
05-Aug-2021 15:03:05.086 INFO [main] org.apache.catalina.startup.HostConfig.deployDescriptor Deployment of deployment descriptor [/usr/bin/tomcat/conf/Catalina/localhost/manager.xml] has finished in [48] ms
05-Aug-2021 15:03:05.087 INFO [main] org.apache.catalina.startup.HostConfig.deployDirectory Deploying web application directory [/usr/bin/tomcat/webapps/host-manager]
05-Aug-2021 15:03:05.118 INFO [main] org.apache.catalina.startup.HostConfig.deployDirectory Deployment of web application directory [/usr/bin/tomcat/webapps/host-manager] has finished in [30] ms
05-Aug-2021 15:03:05.118 INFO [main] org.apache.catalina.startup.HostConfig.deployDirectory Deploying web application directory [/usr/bin/tomcat/webapps/examples]
05-Aug-2021 15:03:05.427 INFO [main] org.apache.catalina.startup.HostConfig.deployDirectory Deployment of web application directory [/usr/bin/tomcat/webapps/examples] has finished in [309] ms
05-Aug-2021 15:03:05.427 INFO [main] org.apache.catalina.startup.HostConfig.deployDirectory Deploying web application directory [/usr/bin/tomcat/webapps/ROOT]
05-Aug-2021 15:03:05.451 INFO [main] org.apache.catalina.startup.HostConfig.deployDirectory Deployment of web application directory [/usr/bin/tomcat/webapps/ROOT] has finished in [23] ms
05-Aug-2021 15:03:05.451 INFO [main] org.apache.catalina.startup.HostConfig.deployDirectory Deploying web application directory [/usr/bin/tomcat/webapps/docs]
05-Aug-2021 15:03:05.480 INFO [main] org.apache.catalina.startup.HostConfig.deployDirectory Deployment of web application directory [/usr/bin/tomcat/webapps/docs] has finished in [29] ms
05-Aug-2021 15:03:05.483 INFO [main] org.apache.coyote.AbstractProtocol.start Starting ProtocolHandler ["http-nio-9080"]
05-Aug-2021 15:03:05.495 INFO [main] org.apache.catalina.startup.Catalina.start Server startup in [782] milliseconds
05-Aug-2021 15:13:59.380 INFO [http-nio-9080-exec-2] org.apache.coyote.http11.Http11Processor.service Error parsing HTTP request header
 Note: further occurrences of HTTP request parsing errors will be logged at DEBUG level.
	java.lang.IllegalArgumentException: Invalid character found in method name [0x040x010x00P0xb6=0xc80x060x00...]. HTTP method names must be tokens
		at org.apache.coyote.http11.Http11InputBuffer.parseRequestLine(Http11InputBuffer.java:419)
		at org.apache.coyote.http11.Http11Processor.service(Http11Processor.java:269)
		at org.apache.coyote.AbstractProcessorLight.process(AbstractProcessorLight.java:65)
		at org.apache.coyote.AbstractProtocol$ConnectionHandler.process(AbstractProtocol.java:870)
		at org.apache.tomcat.util.net.NioEndpoint$SocketProcessor.doRun(NioEndpoint.java:1696)
		at org.apache.tomcat.util.net.SocketProcessorBase.run(SocketProcessorBase.java:49)
		at java.base/java.util.concurrent.ThreadPoolExecutor.runWorker(ThreadPoolExecutor.java:1130)
		at java.base/java.util.concurrent.ThreadPoolExecutor$Worker.run(ThreadPoolExecutor.java:630)
		at org.apache.tomcat.util.threads.TaskThread$WrappingRunnable.run(TaskThread.java:61)
		at java.base/java.lang.Thread.run(Thread.java:831)
05-Aug-2021 15:28:55.665 INFO [Catalina-utility-2] org.apache.catalina.startup.HostConfig.reload Reloading context []
05-Aug-2021 15:28:55.666 INFO [Catalina-utility-2] org.apache.catalina.core.StandardContext.reload Reloading Context with name [] has started
05-Aug-2021 15:28:55.686 INFO [Catalina-utility-2] org.apache.catalina.core.StandardContext.reload Reloading Context with name [] is completed
05-Aug-2021 15:28:55.687 INFO [Catalina-utility-2] org.apache.catalina.startup.HostConfig.deployDirectory Deploying web application directory [/usr/bin/tomcat/webapps/ROOTs]
05-Aug-2021 15:28:55.707 INFO [Catalina-utility-2] org.apache.catalina.startup.HostConfig.deployDirectory Deployment of web application directory [/usr/bin/tomcat/webapps/ROOTs] has finished in [19] ms
05-Aug-2021 15:43:33.404 INFO [main] org.apache.catalina.core.StandardServer.await A valid shutdown command was received via the shutdown port. Stopping the Server instance.
05-Aug-2021 15:43:33.404 INFO [main] org.apache.coyote.AbstractProtocol.pause Pausing ProtocolHandler ["http-nio-9080"]
05-Aug-2021 15:43:33.411 INFO [main] org.apache.catalina.core.StandardService.stopInternal Stopping service [Catalina]
05-Aug-2021 15:43:33.445 INFO [main] org.apache.coyote.AbstractProtocol.stop Stopping ProtocolHandler ["http-nio-9080"]
05-Aug-2021 15:43:33.459 INFO [main] org.apache.coyote.AbstractProtocol.destroy Destroying ProtocolHandler ["http-nio-9080"]
05-Aug-2021 15:43:33.831 WARNING [main] org.apache.tomcat.util.digester.SetPropertiesRule.begin Match [Server/Service/Engine/Host/Context] failed to set property [debug] to [0]
05-Aug-2021 15:43:33.841 WARNING [main] org.apache.tomcat.util.digester.SetPropertiesRule.begin Match [Server/Service/Engine/Host/Context] failed to set property [debug] to [0]
05-Aug-2021 15:43:33.841 WARNING [main] org.apache.tomcat.util.digester.SetPropertiesRule.begin Match [Server/Service/Engine/Host/Context] failed to set property [debug] to [0]
05-Aug-2021 15:43:33.843 INFO [main] org.apache.catalina.startup.VersionLoggerListener.log Server version name:   Apache Tomcat/10.0.8
05-Aug-2021 15:43:33.843 INFO [main] org.apache.catalina.startup.VersionLoggerListener.log Server built:          Jun 25 2021 23:05:41 UTC
05-Aug-2021 15:43:33.843 INFO [main] org.apache.catalina.startup.VersionLoggerListener.log Server version number: 10.0.8.0
05-Aug-2021 15:43:33.843 INFO [main] org.apache.catalina.startup.VersionLoggerListener.log OS Name:               Linux
05-Aug-2021 15:43:33.844 INFO [main] org.apache.catalina.startup.VersionLoggerListener.log OS Version:            5.4.0-77-generic
05-Aug-2021 15:43:33.844 INFO [main] org.apache.catalina.startup.VersionLoggerListener.log Architecture:          amd64
05-Aug-2021 15:43:33.844 INFO [main] org.apache.catalina.startup.VersionLoggerListener.log Java Home:             /usr/lib/jvm/java-16-openjdk-amd64
05-Aug-2021 15:43:33.844 INFO [main] org.apache.catalina.startup.VersionLoggerListener.log JVM Version:           16.0.1+9-Ubuntu-120.04
05-Aug-2021 15:43:33.844 INFO [main] org.apache.catalina.startup.VersionLoggerListener.log JVM Vendor:            Private Build
05-Aug-2021 15:43:33.844 INFO [main] org.apache.catalina.startup.VersionLoggerListener.log CATALINA_BASE:         /usr/bin/tomcat
05-Aug-2021 15:43:33.844 INFO [main] org.apache.catalina.startup.VersionLoggerListener.log CATALINA_HOME:         /usr/bin/tomcat
05-Aug-2021 15:43:33.857 INFO [main] org.apache.catalina.startup.VersionLoggerListener.log Command line argument: --add-opens=java.base/java.lang=ALL-UNNAMED
05-Aug-2021 15:43:33.857 INFO [main] org.apache.catalina.startup.VersionLoggerListener.log Command line argument: --add-opens=java.base/java.io=ALL-UNNAMED
05-Aug-2021 15:43:33.857 INFO [main] org.apache.catalina.startup.VersionLoggerListener.log Command line argument: --add-opens=java.base/java.util=ALL-UNNAMED
05-Aug-2021 15:43:33.857 INFO [main] org.apache.catalina.startup.VersionLoggerListener.log Command line argument: --add-opens=java.base/java.util.concurrent=ALL-UNNAMED
05-Aug-2021 15:43:33.857 INFO [main] org.apache.catalina.startup.VersionLoggerListener.log Command line argument: --add-opens=java.rmi/sun.rmi.transport=ALL-UNNAMED
05-Aug-2021 15:43:33.857 INFO [main] org.apache.catalina.startup.VersionLoggerListener.log Command line argument: -Djava.util.logging.config.file=/usr/bin/tomcat/conf/logging.properties
05-Aug-2021 15:43:33.858 INFO [main] org.apache.catalina.startup.VersionLoggerListener.log Command line argument: -Djava.util.logging.manager=org.apache.juli.ClassLoaderLogManager
05-Aug-2021 15:43:33.858 INFO [main] org.apache.catalina.startup.VersionLoggerListener.log Command line argument: -Djdk.tls.ephemeralDHKeySize=2048
05-Aug-2021 15:43:33.858 INFO [main] org.apache.catalina.startup.VersionLoggerListener.log Command line argument: -Djava.protocol.handler.pkgs=org.apache.catalina.webresources
05-Aug-2021 15:43:33.858 INFO [main] org.apache.catalina.startup.VersionLoggerListener.log Command line argument: -Dorg.apache.catalina.security.SecurityListener.UMASK=0027
05-Aug-2021 15:43:33.858 INFO [main] org.apache.catalina.startup.VersionLoggerListener.log Command line argument: -Dignore.endorsed.dirs=
05-Aug-2021 15:43:33.858 INFO [main] org.apache.catalina.startup.VersionLoggerListener.log Command line argument: -Dcatalina.base=/usr/bin/tomcat
05-Aug-2021 15:43:33.858 INFO [main] org.apache.catalina.startup.VersionLoggerListener.log Command line argument: -Dcatalina.home=/usr/bin/tomcat
05-Aug-2021 15:43:33.858 INFO [main] org.apache.catalina.startup.VersionLoggerListener.log Command line argument: -Djava.io.tmpdir=/usr/bin/tomcat/temp
05-Aug-2021 15:43:33.862 INFO [main] org.apache.catalina.core.AprLifecycleListener.lifecycleEvent The Apache Tomcat Native library which allows using OpenSSL was not found on the java.library.path: [/usr/java/packages/lib:/usr/lib/x86_64-linux-gnu/jni:/lib/x86_64-linux-gnu:/usr/lib/x86_64-linux-gnu:/usr/lib/jni:/lib:/usr/lib]
05-Aug-2021 15:43:34.166 INFO [main] org.apache.coyote.AbstractProtocol.init Initializing ProtocolHandler ["http-nio-80"]
05-Aug-2021 15:43:34.206 INFO [main] org.apache.catalina.startup.Catalina.load Server initialization in [565] milliseconds
05-Aug-2021 15:43:34.267 INFO [main] org.apache.catalina.core.StandardService.startInternal Starting service [Catalina]
05-Aug-2021 15:43:34.268 INFO [main] org.apache.catalina.core.StandardEngine.startInternal Starting Servlet engine: [Apache Tomcat/10.0.8]
05-Aug-2021 15:43:34.524 INFO [main] org.apache.catalina.startup.HostConfig.deployDescriptor Deploying deployment descriptor [/usr/bin/tomcat/conf/Catalina/localhost/manager.xml]
05-Aug-2021 15:43:34.526 WARNING [main] org.apache.catalina.startup.HostConfig.deployDescriptor A docBase [/usr/bin/tomcat/webapps/manager] inside the host appBase has been specified, and will be ignored
05-Aug-2021 15:43:34.573 INFO [main] org.apache.catalina.startup.HostConfig.deployDescriptor Deployment of deployment descriptor [/usr/bin/tomcat/conf/Catalina/localhost/manager.xml] has finished in [49] ms
05-Aug-2021 15:43:34.574 INFO [main] org.apache.catalina.startup.HostConfig.deployDirectory Deploying web application directory [/usr/bin/tomcat/webapps/host-manager]
05-Aug-2021 15:43:34.613 INFO [main] org.apache.catalina.startup.HostConfig.deployDirectory Deployment of web application directory [/usr/bin/tomcat/webapps/host-manager] has finished in [39] ms
05-Aug-2021 15:43:34.613 INFO [main] org.apache.catalina.startup.HostConfig.deployDirectory Deploying web application directory [/usr/bin/tomcat/webapps/ROOTs]
05-Aug-2021 15:43:34.644 INFO [main] org.apache.catalina.startup.HostConfig.deployDirectory Deployment of web application directory [/usr/bin/tomcat/webapps/ROOTs] has finished in [31] ms
05-Aug-2021 15:43:34.645 INFO [main] org.apache.catalina.startup.HostConfig.deployDirectory Deploying web application directory [/usr/bin/tomcat/webapps/examples]
05-Aug-2021 15:43:34.877 INFO [main] org.apache.catalina.startup.HostConfig.deployDirectory Deployment of web application directory [/usr/bin/tomcat/webapps/examples] has finished in [231] ms
05-Aug-2021 15:43:34.877 INFO [main] org.apache.catalina.startup.HostConfig.deployDirectory Deploying web application directory [/usr/bin/tomcat/webapps/ROOT]
05-Aug-2021 15:43:34.896 INFO [main] org.apache.catalina.startup.HostConfig.deployDirectory Deployment of web application directory [/usr/bin/tomcat/webapps/ROOT] has finished in [19] ms
05-Aug-2021 15:43:34.896 INFO [main] org.apache.catalina.startup.HostConfig.deployDirectory Deploying web application directory [/usr/bin/tomcat/webapps/docs]
05-Aug-2021 15:43:34.915 INFO [main] org.apache.catalina.startup.HostConfig.deployDirectory Deployment of web application directory [/usr/bin/tomcat/webapps/docs] has finished in [19] ms
05-Aug-2021 15:43:34.920 INFO [main] org.apache.coyote.AbstractProtocol.start Starting ProtocolHandler ["http-nio-80"]
05-Aug-2021 15:43:34.933 INFO [main] org.apache.catalina.startup.Catalina.start Server startup in [721] milliseconds
05-Aug-2021 17:18:06.326 INFO [http-nio-80-exec-3] org.apache.coyote.http11.Http11Processor.service Error parsing HTTP request header
 Note: further occurrences of HTTP request parsing errors will be logged at DEBUG level.
	java.lang.IllegalArgumentException: Invalid character found in method name [0x160x030x010x01 ]. HTTP method names must be tokens
		at org.apache.coyote.http11.Http11InputBuffer.parseRequestLine(Http11InputBuffer.java:419)
		at org.apache.coyote.http11.Http11Processor.service(Http11Processor.java:269)
		at org.apache.coyote.AbstractProcessorLight.process(AbstractProcessorLight.java:65)
		at org.apache.coyote.AbstractProtocol$ConnectionHandler.process(AbstractProtocol.java:870)
		at org.apache.tomcat.util.net.NioEndpoint$SocketProcessor.doRun(NioEndpoint.java:1696)
		at org.apache.tomcat.util.net.SocketProcessorBase.run(SocketProcessorBase.java:49)
		at java.base/java.util.concurrent.ThreadPoolExecutor.runWorker(ThreadPoolExecutor.java:1130)
		at java.base/java.util.concurrent.ThreadPoolExecutor$Worker.run(ThreadPoolExecutor.java:630)
		at org.apache.tomcat.util.threads.TaskThread$WrappingRunnable.run(TaskThread.java:61)
		at java.base/java.lang.Thread.run(Thread.java:831)
