07-Oct-2021 05:01:53.138 INFO [http-nio-80-exec-1] org.apache.coyote.http11.Http11Processor.service Error parsing HTTP request header
 Note: further occurrences of HTTP request parsing errors will be logged at DEBUG level.
	java.lang.IllegalArgumentException: Invalid character found in method name [0x160x030x030x000x880x010x000x000x840x030x03a^0x0e0xc100x8d0xa20xd30x0e0xc30xfbp0x1dK0xf3^0xc89,0xb80x140x0d0x870x132*0xe6fU0xba0x0e0x150x000x000x160xc00x140x0050xc00x130x00/0xc0,0xc0+0xc000x000x9d0xc0/0x000x9c0x000x0a0x010x000x00E0x000x0a0x000x160x000x140x000x170x000x180x000x190x000x090x000x0a0x000x0b0x000x0c0x000x0d0x000x0e0x000x160x000x0b0x000x020x010x000x000x0d0x000x1c0x000x1a0x060x030x060x010x050x030x050x010x040x030x040x010x040x020x030x030x030x010x030x020x020x030x020x010x020x020xff0x010x000x010x00...]. HTTP method names must be tokens
		at org.apache.coyote.http11.Http11InputBuffer.parseRequestLine(Http11InputBuffer.java:419)
		at org.apache.coyote.http11.Http11Processor.service(Http11Processor.java:269)
		at org.apache.coyote.AbstractProcessorLight.process(AbstractProcessorLight.java:65)
		at org.apache.coyote.AbstractProtocol$ConnectionHandler.process(AbstractProtocol.java:870)
		at org.apache.tomcat.util.net.NioEndpoint$SocketProcessor.doRun(NioEndpoint.java:1696)
		at org.apache.tomcat.util.net.SocketProcessorBase.run(SocketProcessorBase.java:49)
		at java.base/java.util.concurrent.ThreadPoolExecutor.runWorker(ThreadPoolExecutor.java:1130)
		at java.base/java.util.concurrent.ThreadPoolExecutor$Worker.run(ThreadPoolExecutor.java:630)
		at org.apache.tomcat.util.threads.TaskThread$WrappingRunnable.run(TaskThread.java:61)
		at java.base/java.lang.Thread.run(Thread.java:831)
07-Oct-2021 23:01:04.280 INFO [http-nio-80-exec-9] org.apache.coyote.http11.Http11Processor.service Error parsing HTTP request header
 Note: further occurrences of HTTP request parsing errors will be logged at DEBUG level.
	java.lang.IllegalArgumentException: Invalid character found in method name [0x160x030x010x020x000x010x000x010xfc0x030x03w0xef0x8aZ#0x940xb0h0xf7O0x89@!0x8560x0b0x1f0x18,0xb30xb30xb00x0d0xfb0x9f0x000xf2hq0xe10xaf0xb60x000x000xda0x000x050x000x040x000x020x000x010x000x160x0030x0090x00:0x000x180x0050x000x0a0x000x1b0x00/0x0040xc00x100xc00x060xc00x150xc00x0b0xc00x010x00;0xc000xc0,0xc0(0xc0$0xc00x140xc00x0a0x000xa50x000xa30x000xa10x000x9f0x00k0x00j0x00i0x00h0x0080x0070x0060x000x880x000x870x000x860x000x850xc00x190x000xa70x00m0x000x890xc020xc0.0xc0*0xc0&0xc00x0f0xc00x050x000x9d0x00=0x000x840xc0/0xc0+0xc0'0xc0#0xc00x130xc00x090x000xa40x000xa20x000xa00x000x9e0x00g0x00@0x00?0x00>0x0020x0010x0000x000x9a0x000x990x000x980x000x970x00E0x00D0x00C0x00B0xc00x180x000xa60x00l0x000x9b0x00F0xc010xc0-0xc0)0xc0%0xc00x0e0xc00x040x000x9c0x00<0x000x960x00A0x000x070xc00x110xc00x070xc00x160xc00x0c0xc00x020xc00x120xc00x080x000x130x000x100x000x0d0xc00x170xc00x0d0xc00x030x000xff0x010x000x000xf90x000x0b0x000x040x030x000x010x020x000x0a0x000x1c0x000x1a0x000x170x000x190x000x1c0x000x1b0x000x180x000x1a0x000x160x000x0e0x000x0d0x000x0b0x000x0c0x000x090x000x0a0x00#0x000x000x000x0d0x00 ]. HTTP method names must be tokens
		at org.apache.coyote.http11.Http11InputBuffer.parseRequestLine(Http11InputBuffer.java:419)
		at org.apache.coyote.http11.Http11Processor.service(Http11Processor.java:269)
		at org.apache.coyote.AbstractProcessorLight.process(AbstractProcessorLight.java:65)
		at org.apache.coyote.AbstractProtocol$ConnectionHandler.process(AbstractProtocol.java:870)
		at org.apache.tomcat.util.net.NioEndpoint$SocketProcessor.doRun(NioEndpoint.java:1696)
		at org.apache.tomcat.util.net.SocketProcessorBase.run(SocketProcessorBase.java:49)
		at java.base/java.util.concurrent.ThreadPoolExecutor.runWorker(ThreadPoolExecutor.java:1130)
		at java.base/java.util.concurrent.ThreadPoolExecutor$Worker.run(ThreadPoolExecutor.java:630)
		at org.apache.tomcat.util.threads.TaskThread$WrappingRunnable.run(TaskThread.java:61)
		at java.base/java.lang.Thread.run(Thread.java:831)
