24-Jul-2021 14:34:40.093 INFO [Thread-2] org.apache.coyote.AbstractProtocol.pause Pausing ProtocolHandler ["http-nio-9080"]
24-Jul-2021 14:34:40.116 INFO [Thread-2] org.apache.catalina.core.StandardService.stopInternal Stopping service [Catalina]
24-Jul-2021 14:34:40.298 INFO [Thread-2] org.apache.coyote.AbstractProtocol.stop Stopping ProtocolHandler ["http-nio-9080"]
24-Jul-2021 14:34:40.319 INFO [Thread-2] org.apache.coyote.AbstractProtocol.destroy Destroying ProtocolHandler ["http-nio-9080"]
24-Jul-2021 14:36:13.159 WARNING [main] org.apache.tomcat.util.digester.SetPropertiesRule.begin Match [Server/Service/Engine/Host/Context] failed to set property [debug] to [0]
24-Jul-2021 14:36:13.175 WARNING [main] org.apache.tomcat.util.digester.SetPropertiesRule.begin Match [Server/Service/Engine/Host/Context] failed to set property [debug] to [0]
24-Jul-2021 14:36:13.177 WARNING [main] org.apache.tomcat.util.digester.SetPropertiesRule.begin Match [Server/Service/Engine/Host/Context] failed to set property [debug] to [0]
24-Jul-2021 14:36:13.184 INFO [main] org.apache.catalina.startup.VersionLoggerListener.log Server version name:   Apache Tomcat/10.0.8
24-Jul-2021 14:36:13.184 INFO [main] org.apache.catalina.startup.VersionLoggerListener.log Server built:          Jun 25 2021 23:05:41 UTC
24-Jul-2021 14:36:13.185 INFO [main] org.apache.catalina.startup.VersionLoggerListener.log Server version number: 10.0.8.0
24-Jul-2021 14:36:13.185 INFO [main] org.apache.catalina.startup.VersionLoggerListener.log OS Name:               Linux
24-Jul-2021 14:36:13.185 INFO [main] org.apache.catalina.startup.VersionLoggerListener.log OS Version:            5.4.0-77-generic
24-Jul-2021 14:36:13.186 INFO [main] org.apache.catalina.startup.VersionLoggerListener.log Architecture:          amd64
24-Jul-2021 14:36:13.186 INFO [main] org.apache.catalina.startup.VersionLoggerListener.log Java Home:             /usr/lib/jvm/java-16-openjdk-amd64
24-Jul-2021 14:36:13.186 INFO [main] org.apache.catalina.startup.VersionLoggerListener.log JVM Version:           16.0.1+9-Ubuntu-120.04
24-Jul-2021 14:36:13.187 INFO [main] org.apache.catalina.startup.VersionLoggerListener.log JVM Vendor:            Private Build
24-Jul-2021 14:36:13.187 INFO [main] org.apache.catalina.startup.VersionLoggerListener.log CATALINA_BASE:         /usr/bin/tomcat
24-Jul-2021 14:36:13.187 INFO [main] org.apache.catalina.startup.VersionLoggerListener.log CATALINA_HOME:         /usr/bin/tomcat
24-Jul-2021 14:36:13.188 INFO [main] org.apache.catalina.startup.VersionLoggerListener.log Command line argument: --add-opens=java.base/java.lang=ALL-UNNAMED
24-Jul-2021 14:36:13.189 INFO [main] org.apache.catalina.startup.VersionLoggerListener.log Command line argument: --add-opens=java.base/java.io=ALL-UNNAMED
24-Jul-2021 14:36:13.189 INFO [main] org.apache.catalina.startup.VersionLoggerListener.log Command line argument: --add-opens=java.base/java.util=ALL-UNNAMED
24-Jul-2021 14:36:13.189 INFO [main] org.apache.catalina.startup.VersionLoggerListener.log Command line argument: --add-opens=java.base/java.util.concurrent=ALL-UNNAMED
24-Jul-2021 14:36:13.189 INFO [main] org.apache.catalina.startup.VersionLoggerListener.log Command line argument: --add-opens=java.rmi/sun.rmi.transport=ALL-UNNAMED
24-Jul-2021 14:36:13.189 INFO [main] org.apache.catalina.startup.VersionLoggerListener.log Command line argument: -Djava.util.logging.config.file=/usr/bin/tomcat/conf/logging.properties
24-Jul-2021 14:36:13.190 INFO [main] org.apache.catalina.startup.VersionLoggerListener.log Command line argument: -Djava.util.logging.manager=org.apache.juli.ClassLoaderLogManager
24-Jul-2021 14:36:13.190 INFO [main] org.apache.catalina.startup.VersionLoggerListener.log Command line argument: -Djdk.tls.ephemeralDHKeySize=2048
24-Jul-2021 14:36:13.190 INFO [main] org.apache.catalina.startup.VersionLoggerListener.log Command line argument: -Djava.protocol.handler.pkgs=org.apache.catalina.webresources
24-Jul-2021 14:36:13.190 INFO [main] org.apache.catalina.startup.VersionLoggerListener.log Command line argument: -Dorg.apache.catalina.security.SecurityListener.UMASK=0027
24-Jul-2021 14:36:13.190 INFO [main] org.apache.catalina.startup.VersionLoggerListener.log Command line argument: -Dignore.endorsed.dirs=
24-Jul-2021 14:36:13.190 INFO [main] org.apache.catalina.startup.VersionLoggerListener.log Command line argument: -Dcatalina.base=/usr/bin/tomcat
24-Jul-2021 14:36:13.191 INFO [main] org.apache.catalina.startup.VersionLoggerListener.log Command line argument: -Dcatalina.home=/usr/bin/tomcat
24-Jul-2021 14:36:13.191 INFO [main] org.apache.catalina.startup.VersionLoggerListener.log Command line argument: -Djava.io.tmpdir=/usr/bin/tomcat/temp
24-Jul-2021 14:36:13.192 INFO [main] org.apache.catalina.core.AprLifecycleListener.lifecycleEvent The Apache Tomcat Native library which allows using OpenSSL was not found on the java.library.path: [/usr/java/packages/lib:/usr/lib/x86_64-linux-gnu/jni:/lib/x86_64-linux-gnu:/usr/lib/x86_64-linux-gnu:/usr/lib/jni:/lib:/usr/lib]
24-Jul-2021 14:36:13.521 INFO [main] org.apache.coyote.AbstractProtocol.init Initializing ProtocolHandler ["http-nio-9080"]
24-Jul-2021 14:36:13.573 INFO [main] org.apache.catalina.startup.Catalina.load Server initialization in [789] milliseconds
24-Jul-2021 14:36:13.652 INFO [main] org.apache.catalina.core.StandardService.startInternal Starting service [Catalina]
24-Jul-2021 14:36:13.652 INFO [main] org.apache.catalina.core.StandardEngine.startInternal Starting Servlet engine: [Apache Tomcat/10.0.8]
24-Jul-2021 14:36:14.048 INFO [main] org.apache.catalina.startup.HostConfig.deployDescriptor Deploying deployment descriptor [/usr/bin/tomcat/conf/Catalina/localhost/manager.xml]
24-Jul-2021 14:36:14.052 WARNING [main] org.apache.catalina.startup.HostConfig.deployDescriptor A docBase [/usr/bin/tomcat/webapps/manager] inside the host appBase has been specified, and will be ignored
24-Jul-2021 14:36:14.079 INFO [main] org.apache.catalina.startup.HostConfig.deployDescriptor Deployment of deployment descriptor [/usr/bin/tomcat/conf/Catalina/localhost/manager.xml] has finished in [30] ms
24-Jul-2021 14:36:14.080 INFO [main] org.apache.catalina.startup.HostConfig.deployDirectory Deploying web application directory [/usr/bin/tomcat/webapps/host-manager]
24-Jul-2021 14:36:14.125 INFO [main] org.apache.catalina.startup.HostConfig.deployDirectory Deployment of web application directory [/usr/bin/tomcat/webapps/host-manager] has finished in [44] ms
24-Jul-2021 14:36:14.126 INFO [main] org.apache.catalina.startup.HostConfig.deployDirectory Deploying web application directory [/usr/bin/tomcat/webapps/examples]
24-Jul-2021 14:36:14.469 INFO [main] org.apache.catalina.startup.HostConfig.deployDirectory Deployment of web application directory [/usr/bin/tomcat/webapps/examples] has finished in [342] ms
24-Jul-2021 14:36:14.469 INFO [main] org.apache.catalina.startup.HostConfig.deployDirectory Deploying web application directory [/usr/bin/tomcat/webapps/ROOT]
24-Jul-2021 14:36:14.482 INFO [main] org.apache.catalina.startup.HostConfig.deployDirectory Deployment of web application directory [/usr/bin/tomcat/webapps/ROOT] has finished in [12] ms
24-Jul-2021 14:36:14.482 INFO [main] org.apache.catalina.startup.HostConfig.deployDirectory Deploying web application directory [/usr/bin/tomcat/webapps/docs]
24-Jul-2021 14:36:14.495 INFO [main] org.apache.catalina.startup.HostConfig.deployDirectory Deployment of web application directory [/usr/bin/tomcat/webapps/docs] has finished in [13] ms
24-Jul-2021 14:36:14.498 INFO [main] org.apache.coyote.AbstractProtocol.start Starting ProtocolHandler ["http-nio-9080"]
24-Jul-2021 14:36:14.514 INFO [main] org.apache.catalina.startup.Catalina.start Server startup in [940] milliseconds
24-Jul-2021 15:26:13.928 INFO [Thread-2] org.apache.coyote.AbstractProtocol.pause Pausing ProtocolHandler ["http-nio-9080"]
24-Jul-2021 15:26:13.970 INFO [Thread-2] org.apache.catalina.core.StandardService.stopInternal Stopping service [Catalina]
24-Jul-2021 15:26:14.100 INFO [Thread-2] org.apache.coyote.AbstractProtocol.stop Stopping ProtocolHandler ["http-nio-9080"]
24-Jul-2021 15:26:14.120 INFO [Thread-2] org.apache.coyote.AbstractProtocol.destroy Destroying ProtocolHandler ["http-nio-9080"]
