27-Sep-2021 03:18:41.932 INFO [main] org.apache.catalina.core.ApplicationContext.log SessionListener: contextDestroyed()
27-Sep-2021 03:18:41.932 INFO [main] org.apache.catalina.core.ApplicationContext.log ContextListener: contextDestroyed()
27-Sep-2021 03:18:43.335 INFO [main] org.apache.catalina.core.ApplicationContext.log ContextListener: contextInitialized()
27-Sep-2021 03:18:43.337 INFO [main] org.apache.catalina.core.ApplicationContext.log SessionListener: contextInitialized()
27-Sep-2021 03:18:43.338 INFO [main] org.apache.catalina.core.ApplicationContext.log ContextListener: attributeAdded('StockTicker', 'async.Stockticker@34a75079')
27-Sep-2021 04:03:36.103 INFO [main] org.apache.catalina.core.ApplicationContext.log SessionListener: contextDestroyed()
27-Sep-2021 04:03:36.103 INFO [main] org.apache.catalina.core.ApplicationContext.log ContextListener: contextDestroyed()
27-Sep-2021 04:03:37.466 INFO [main] org.apache.catalina.core.ApplicationContext.log ContextListener: contextInitialized()
27-Sep-2021 04:03:37.466 INFO [main] org.apache.catalina.core.ApplicationContext.log SessionListener: contextInitialized()
27-Sep-2021 04:03:37.467 INFO [main] org.apache.catalina.core.ApplicationContext.log ContextListener: attributeAdded('StockTicker', 'async.Stockticker@b40bb6e')
27-Sep-2021 04:04:26.760 INFO [main] org.apache.catalina.core.ApplicationContext.log SessionListener: contextDestroyed()
27-Sep-2021 04:04:26.760 INFO [main] org.apache.catalina.core.ApplicationContext.log ContextListener: contextDestroyed()
27-Sep-2021 04:04:28.262 INFO [main] org.apache.catalina.core.ApplicationContext.log ContextListener: contextInitialized()
27-Sep-2021 04:04:28.263 INFO [main] org.apache.catalina.core.ApplicationContext.log SessionListener: contextInitialized()
27-Sep-2021 04:04:28.264 INFO [main] org.apache.catalina.core.ApplicationContext.log ContextListener: attributeAdded('StockTicker', 'async.Stockticker@b40bb6e')
27-Sep-2021 04:05:49.135 INFO [main] org.apache.catalina.core.ApplicationContext.log SessionListener: contextDestroyed()
27-Sep-2021 04:05:49.135 INFO [main] org.apache.catalina.core.ApplicationContext.log ContextListener: contextDestroyed()
27-Sep-2021 04:05:50.570 INFO [main] org.apache.catalina.core.ApplicationContext.log ContextListener: contextInitialized()
27-Sep-2021 04:05:50.570 INFO [main] org.apache.catalina.core.ApplicationContext.log SessionListener: contextInitialized()
27-Sep-2021 04:05:50.574 INFO [main] org.apache.catalina.core.ApplicationContext.log ContextListener: attributeAdded('StockTicker', 'async.Stockticker@34a75079')
27-Sep-2021 04:06:04.258 INFO [main] org.apache.catalina.core.ApplicationContext.log SessionListener: contextDestroyed()
27-Sep-2021 04:06:04.258 INFO [main] org.apache.catalina.core.ApplicationContext.log ContextListener: contextDestroyed()
27-Sep-2021 04:06:05.654 INFO [main] org.apache.catalina.core.ApplicationContext.log ContextListener: contextInitialized()
27-Sep-2021 04:06:05.654 INFO [main] org.apache.catalina.core.ApplicationContext.log SessionListener: contextInitialized()
27-Sep-2021 04:06:05.655 INFO [main] org.apache.catalina.core.ApplicationContext.log ContextListener: attributeAdded('StockTicker', 'async.Stockticker@acb0951')
27-Sep-2021 04:06:21.238 INFO [main] org.apache.catalina.core.ApplicationContext.log SessionListener: contextDestroyed()
27-Sep-2021 04:06:21.238 INFO [main] org.apache.catalina.core.ApplicationContext.log ContextListener: contextDestroyed()
27-Sep-2021 04:06:22.681 INFO [main] org.apache.catalina.core.ApplicationContext.log ContextListener: contextInitialized()
27-Sep-2021 04:06:22.681 INFO [main] org.apache.catalina.core.ApplicationContext.log SessionListener: contextInitialized()
27-Sep-2021 04:06:22.683 INFO [main] org.apache.catalina.core.ApplicationContext.log ContextListener: attributeAdded('StockTicker', 'async.Stockticker@1643d68f')
27-Sep-2021 04:11:51.328 INFO [main] org.apache.catalina.core.ApplicationContext.log SessionListener: contextDestroyed()
27-Sep-2021 04:11:51.329 INFO [main] org.apache.catalina.core.ApplicationContext.log ContextListener: contextDestroyed()
27-Sep-2021 04:11:52.798 INFO [main] org.apache.catalina.core.ApplicationContext.log ContextListener: contextInitialized()
27-Sep-2021 04:11:52.802 INFO [main] org.apache.catalina.core.ApplicationContext.log SessionListener: contextInitialized()
27-Sep-2021 04:11:52.803 INFO [main] org.apache.catalina.core.ApplicationContext.log ContextListener: attributeAdded('StockTicker', 'async.Stockticker@34a75079')
27-Sep-2021 04:12:25.096 INFO [main] org.apache.catalina.core.ApplicationContext.log SessionListener: contextDestroyed()
27-Sep-2021 04:12:25.096 INFO [main] org.apache.catalina.core.ApplicationContext.log ContextListener: contextDestroyed()
27-Sep-2021 04:12:26.490 INFO [main] org.apache.catalina.core.ApplicationContext.log ContextListener: contextInitialized()
27-Sep-2021 04:12:26.493 INFO [main] org.apache.catalina.core.ApplicationContext.log SessionListener: contextInitialized()
27-Sep-2021 04:12:26.494 INFO [main] org.apache.catalina.core.ApplicationContext.log ContextListener: attributeAdded('StockTicker', 'async.Stockticker@b40bb6e')
27-Sep-2021 04:12:56.009 INFO [main] org.apache.catalina.core.ApplicationContext.log SessionListener: contextDestroyed()
27-Sep-2021 04:12:56.009 INFO [main] org.apache.catalina.core.ApplicationContext.log ContextListener: contextDestroyed()
27-Sep-2021 04:12:57.255 INFO [main] org.apache.catalina.core.ApplicationContext.log ContextListener: contextInitialized()
27-Sep-2021 04:12:57.257 INFO [main] org.apache.catalina.core.ApplicationContext.log SessionListener: contextInitialized()
27-Sep-2021 04:12:57.258 INFO [main] org.apache.catalina.core.ApplicationContext.log ContextListener: attributeAdded('StockTicker', 'async.Stockticker@186978a6')
